#
# There is insufficient memory for the Java Runtime Environment to continue.
# Native memory allocation (mmap) failed to map 65536 bytes. Error detail: Failed to commit metaspace.
# Possible reasons:
#   The system is out of physical RAM or swap space
#   This process is running with CompressedOops enabled, and the Java Heap may be blocking the growth of the native heap
# Possible solutions:
#   Reduce memory load on the system
#   Increase physical memory or swap space
#   Check if swap backing store is full
#   Decrease Java heap size (-Xmx/-Xms)
#   Decrease number of Java threads
#   Decrease Java thread stack sizes (-Xss)
#   Set larger code cache with -XX:ReservedCodeCacheSize=
#   JVM is running with Unscaled Compressed Oops mode in which the Java heap is
#     placed in the first 4GB address space. The Java Heap base address is the
#     maximum limit for the native heap growth. Please use -XX:HeapBaseMinAddress
#     to set the Java Heap base and to place the Java Heap above 4GB virtual address.
# This output file may be truncated or incomplete.
#
#  Out of Memory Error (virtualSpaceNode.cpp:113), pid=8388, tid=23856
#
# JRE version: OpenJDK Runtime Environment Temurin-23.0.1+11 (23.0.1+11) (build 23.0.1+11)
# Java VM: OpenJDK 64-Bit Server VM Temurin-23.0.1+11 (23.0.1+11, mixed mode, tiered, compressed oops, compressed class ptrs, g1 gc, windows-amd64)
# No core dump will be written. Minidumps are not enabled by default on client versions of Windows
#

---------------  S U M M A R Y ------------

Command Line: -Dfile.encoding=UTF-8 -Dstdout.encoding=UTF-8 -Dstderr.encoding=UTF-8 -XX:+ShowCodeDetailsInExceptionMessages view.JVelha

Host: Intel(R) Core(TM) i3-1005G1 CPU @ 1.20GHz, 4 cores, 3G,  Windows 11 , 64 bit Build 26100 (10.0.26100.2454)
Time: Sat Dec 28 10:40:39 2024 Hora oficial do Brasil elapsed time: 1.765807 seconds (0d 0h 0m 1s)

---------------  T H R E A D  ---------------

Current thread (0x000001dfe0f1e1b0):  JavaThread "main"             [_thread_in_vm, id=23856, stack(0x000000b35cc00000,0x000000b35cd00000) (1024K)]

Stack: [0x000000b35cc00000,0x000000b35cd00000]
Native frames: (J=compiled Java code, j=interpreted, Vv=VM code, C=native code)
V  [jvm.dll+0x6e8c79]  (no source info available)
V  [jvm.dll+0x8d9253]  (no source info available)
V  [jvm.dll+0x8db6de]  (no source info available)
V  [jvm.dll+0x8dbdb3]  (no source info available)
V  [jvm.dll+0x281aa6]  (no source info available)
V  [jvm.dll+0x8d4fae]  (no source info available)
V  [jvm.dll+0x688e95]  (no source info available)
V  [jvm.dll+0x1e647c]  (no source info available)
V  [jvm.dll+0x1e624e]  (no source info available)
V  [jvm.dll+0x68b7c7]  (no source info available)
V  [jvm.dll+0x227b1c]  (no source info available)
V  [jvm.dll+0x6898ae]  (no source info available)
V  [jvm.dll+0x26c696]  (no source info available)
V  [jvm.dll+0x218687]  (no source info available)
V  [jvm.dll+0x20df2e]  (no source info available)
V  [jvm.dll+0x5c45dc]  (no source info available)
V  [jvm.dll+0x21f85b]  (no source info available)
V  [jvm.dll+0x84dc10]  (no source info available)
V  [jvm.dll+0x84ec76]  (no source info available)
V  [jvm.dll+0x84f284]  (no source info available)
V  [jvm.dll+0x84ef08]  (no source info available)
V  [jvm.dll+0x26ed1b]  (no source info available)
V  [jvm.dll+0x26ef46]  (no source info available)
V  [jvm.dll+0x5e81d7]  (no source info available)
V  [jvm.dll+0x5eb27f]  (no source info available)
V  [jvm.dll+0x3dc29d]  (no source info available)
V  [jvm.dll+0x3db89d]  (no source info available)
C  0x000001dfee66a55c  (no source info available)

The last pc belongs to invokestatic (printed below).
Java frames: (J=compiled Java code, j=interpreted, Vv=VM code)
j  java.awt.Component.<init>()V+130 java.desktop@23.0.1
j  java.awt.Container.<init>()V+1 java.desktop@23.0.1
j  java.awt.Window.<init>()V+1 java.desktop@23.0.1
j  java.awt.Frame.<init>(Ljava/lang/String;)V+1 java.desktop@23.0.1
j  java.awt.Frame.<init>()V+3 java.desktop@23.0.1
j  javax.swing.JFrame.<init>()V+1 java.desktop@23.0.1
j  view.JVelha.<init>()V+1
j  view.JVelha.main([Ljava/lang/String;)V+3
v  ~StubRoutines::call_stub 0x000001dfee650fcd
Lock stack of current Java thread (top to bottom):

invokestatic  184 invokestatic  [0x000001dfee66a4c0, 0x000001dfee66a788]  712 bytes
[MachCode]
  0x000001dfee66a4c0: 4883 ec08 | c5fa 1104 | 24eb 1f48 | 83ec 10c5 | fb11 0424 | eb14 4883 | ec10 4889 | 0424 48c7 
  0x000001dfee66a4e0: 4424 0800 | 0000 00eb | 0150 488b | 4dd0 410f | b755 0148 | 8b49 306b | d218 488d | 4c11 080f 
  0x000001dfee66a500: b659 1681 | fbb8 0000 | 000f 84bd | 0000 00bb | b800 0000 | e805 0000 | 00e9 9900 | 0000 488b 
  0x000001dfee66a520: d348 8d44 | 2408 4c89 | 6dc0 498b | cfc5 f877 | 4989 afb0 | 0300 0049 | 8987 a003 | 0000 4883 
  0x000001dfee66a540: ec20 40f6 | c40f 0f84 | 1900 0000 | 4883 ec08 | 48b8 30b8 | f7b9 fa7f | 0000 ffd0 | 4883 c408 
  0x000001dfee66a560: e90c 0000 | 0048 b830 | b8f7 b9fa | 7f00 00ff | d048 83c4 | 2049 c787 | a003 0000 | 0000 0000 
  0x000001dfee66a580: 49c7 87b0 | 0300 0000 | 0000 0049 | c787 a803 | 0000 0000 | 0000 c5f8 | 7749 837f | 0800 0f84 
  0x000001dfee66a5a0: 0500 0000 | e917 69fe | ff4c 8b6d | c04c 8b75 | c84e 8d74 | f500 c348 | 8b4d d041 | 0fb7 5501 
  0x000001dfee66a5c0: 488b 4930 | 6bd2 1848 | 8d4c 1108 | 488b 1948 | 8b5b 0848 | 8b5b 0848 | 8b5b 1880 | bb31 0100 
  0x000001dfee66a5e0: 0004 0f84 | 0d00 0000 | 4c3b bb38 | 0100 000f | 851a ffff | ff0f b651 | 1548 8b19 | 4c89 6dc0 
  0x000001dfee66a600: 448b ea0f | b651 1449 | bae0 ba89 | bafa 7f00 | 0049 8b14 | d252 418b | d54c 8b6d | c048 8b45 
  0x000001dfee66a620: d848 85c0 | 0f84 1200 | 0000 4883 | 4008 0148 | 8358 0800 | 4883 c010 | 4889 45d8 | 488b 45d8 
  0x000001dfee66a640: 4885 c00f | 8423 0100 | 0080 78f0 | 0a0f 8519 | 0100 0048 | 83c0 084c | 8b68 f841 | 83ed 0041 
  0x000001dfee66a660: 83fd 020f | 8cf8 0000 | 004c 8b6b | 0845 0fb7 | 6d2e 4c2b | 2841 83ed | 014e 8b6c | ec08 4d85 
  0x000001dfee66a680: ed75 0ef6 | 4008 0175 | 4bf0 4883 | 4808 01eb | 4345 8b6d | 084d 8bd5 | 4c33 6808 | 49f7 c5fc 
  0x000001dfee66a6a0: ffff ff74 | 2f41 f6c5 | 0275 2948 | 8378 0800 | 741e 4883 | 7808 0174 | 174d 8bea | 4c33 6808 
  0x000001dfee66a6c0: 49f7 c5fc | ffff ff74 | 0b48 8348 | 0802 eb04 | 4c89 6808 | 4883 c010 | 4c8b 68e8 | 4183 ed02 
  0x000001dfee66a6e0: 4183 fd02 | 0f8c 7700 | 0000 4c8b | 6b08 450f | b76d 2e4c | 2b28 4183 | ed01 4e8b | 6cec 084d 
  0x000001dfee66a700: 85ed 750e | f640 0801 | 754b f048 | 8348 0801 | eb43 458b | 6d08 4d8b | d54c 3368 | 0849 f7c5 
  0x000001dfee66a720: fcff ffff | 742f 41f6 | c502 7529 | 4883 7808 | 0074 1e48 | 8378 0801 | 7417 4d8b | ea4c 3368 
  0x000001dfee66a740: 0849 f7c5 | fcff ffff | 740b 4883 | 4808 02eb | 044c 8968 | 0848 83c0 | 104c 8b68 | d841 83ed 
  0x000001dfee66a760: 0441 c1e5 | 0349 03c5 | 4889 45d8 | 4c8d 6c24 | 0849 8bcd | 482b cd48 | c1f9 0348 | 894d f0ff 
  0x000001dfee66a780: 6350 660f | 1f44 0000 
[/MachCode]

---------------  P R O C E S S  ---------------

Threads class SMR info:
_java_thread_list=0x000001df803aac20, length=11, elements={
0x000001dfe0f1e1b0, 0x000001df801fc4c0, 0x000001df801e46c0, 0x000001df801f35c0,
0x000001df801e9a30, 0x000001df801ec7b0, 0x000001df801ed210, 0x000001df801edfa0,
0x000001df8024df80, 0x000001df803cf300, 0x000001df803d0180
}

Java Threads: ( => current thread )
=>0x000001dfe0f1e1b0 JavaThread "main"                              [_thread_in_vm, id=23856, stack(0x000000b35cc00000,0x000000b35cd00000) (1024K)]
  0x000001df801fc4c0 JavaThread "Reference Handler"          daemon [_thread_blocked, id=23848, stack(0x000000b35d400000,0x000000b35d500000) (1024K)]
  0x000001df801e46c0 JavaThread "Finalizer"                  daemon [_thread_blocked, id=16532, stack(0x000000b35d500000,0x000000b35d600000) (1024K)]
  0x000001df801f35c0 JavaThread "Signal Dispatcher"          daemon [_thread_blocked, id=4788, stack(0x000000b35d600000,0x000000b35d700000) (1024K)]
  0x000001df801e9a30 JavaThread "Attach Listener"            daemon [_thread_blocked, id=23920, stack(0x000000b35d700000,0x000000b35d800000) (1024K)]
  0x000001df801ec7b0 JavaThread "Service Thread"             daemon [_thread_blocked, id=11752, stack(0x000000b35d800000,0x000000b35d900000) (1024K)]
  0x000001df801ed210 JavaThread "Monitor Deflation Thread"   daemon [_thread_blocked, id=13944, stack(0x000000b35d900000,0x000000b35da00000) (1024K)]
  0x000001df801edfa0 JavaThread "C2 CompilerThread0"         daemon [_thread_blocked, id=22820, stack(0x000000b35da00000,0x000000b35db00000) (1024K)]
  0x000001df8024df80 JavaThread "C1 CompilerThread0"         daemon [_thread_blocked, id=21148, stack(0x000000b35db00000,0x000000b35dc00000) (1024K)]
  0x000001df803cf300 JavaThread "Notification Thread"        daemon [_thread_blocked, id=14308, stack(0x000000b35dc00000,0x000000b35dd00000) (1024K)]
  0x000001df803d0180 JavaThread "Common-Cleaner"             daemon [_thread_blocked, id=4284, stack(0x000000b35dd00000,0x000000b35de00000) (1024K)]
Total: 11

Other Threads:
  0x000001df80157d90 VMThread "VM Thread"                           [id=23900, stack(0x000000b35d300000,0x000000b35d400000) (1024K)]
  0x000001df8011b500 WatcherThread "VM Periodic Task Thread"        [id=23892, stack(0x000000b35d200000,0x000000b35d300000) (1024K)]
  0x000001dfe32ad3a0 WorkerThread "GC Thread#0"                     [id=23860, stack(0x000000b35cd00000,0x000000b35ce00000) (1024K)]
  0x000001dfe32b8af0 ConcurrentGCThread "G1 Main Marker"            [id=23864, stack(0x000000b35ce00000,0x000000b35cf00000) (1024K)]
  0x000001dfe32bacc0 WorkerThread "G1 Conc#0"                       [id=23868, stack(0x000000b35cf00000,0x000000b35d000000) (1024K)]
  0x000001dfe3312610 ConcurrentGCThread "G1 Refine#0"               [id=23884, stack(0x000000b35d000000,0x000000b35d100000) (1024K)]
  0x000001dfe33155a0 ConcurrentGCThread "G1 Service"                [id=23888, stack(0x000000b35d100000,0x000000b35d200000) (1024K)]
Total: 7

Threads with active compile tasks:
Total: 0

VM state: not at safepoint (normal execution)

VM Mutex/Monitor currently owned by a thread:  ([mutex/lock_event])
[0x00007ffaba889cf0] Metaspace_lock - owner thread: 0x000001dfe0f1e1b0

Heap address: 0x00000000c3a00000, size: 966 MB, Compressed Oops mode: 32-bit

CDS archive(s) not mapped
Compressed class space mapped at: 0x0000000037000000-0x0000000077000000, reserved size: 1073741824
Narrow klass base: 0x0000000000000000, Narrow klass shift: 0, Narrow klass range: 0x77000000

GC Precious Log:
 CardTable entry size: 512
 Card Set container configuration: InlinePtr #cards 5 size 8 Array Of Cards #cards 10 size 36 Howl #buckets 4 coarsen threshold 1843 Howl Bitmap #cards 512 size 80 coarsen threshold 460 Card regions per heap region 1 cards per card region 2048
 CPUs: 4 total, 4 available
 Memory: 3862M
 Large Page Support: Disabled
 NUMA Support: Disabled
 Compressed Oops: Enabled (32-bit)
 Heap Region Size: 1M
 Heap Min Capacity: 8M
 Heap Initial Capacity: 62M
 Heap Max Capacity: 966M
 Pre-touch: Disabled
 Parallel Workers: 4
 Concurrent Workers: 1
 Concurrent Refinement Workers: 4
 Periodic GC: Disabled

Heap:
 garbage-first heap   total reserved 989184K, committed 63488K, used 2048K [0x00000000c3a00000, 0x0000000100000000)
  region size 1024K, 3 young (3072K), 0 survivors (0K)
 Metaspace       used 7873K, committed 8000K, reserved 1114112K
  class space    used 678K, committed 768K, reserved 1048576K

Heap Regions: E=young(eden), S=young(survivor), O=old, HS=humongous(starts), HC=humongous(continues), CS=collection set, F=free, TAMS=top-at-mark-start, PB=parsable bottom
|   0|0x00000000c3a00000, 0x00000000c3a00000, 0x00000000c3b00000|  0%| F|  |TAMS 0x00000000c3a00000| PB 0x00000000c3a00000| Untracked |  0
|   1|0x00000000c3b00000, 0x00000000c3b00000, 0x00000000c3c00000|  0%| F|  |TAMS 0x00000000c3b00000| PB 0x00000000c3b00000| Untracked |  0
|   2|0x00000000c3c00000, 0x00000000c3c00000, 0x00000000c3d00000|  0%| F|  |TAMS 0x00000000c3c00000| PB 0x00000000c3c00000| Untracked |  0
|   3|0x00000000c3d00000, 0x00000000c3d00000, 0x00000000c3e00000|  0%| F|  |TAMS 0x00000000c3d00000| PB 0x00000000c3d00000| Untracked |  0
|   4|0x00000000c3e00000, 0x00000000c3e00000, 0x00000000c3f00000|  0%| F|  |TAMS 0x00000000c3e00000| PB 0x00000000c3e00000| Untracked |  0
|   5|0x00000000c3f00000, 0x00000000c3f00000, 0x00000000c4000000|  0%| F|  |TAMS 0x00000000c3f00000| PB 0x00000000c3f00000| Untracked |  0
|   6|0x00000000c4000000, 0x00000000c4000000, 0x00000000c4100000|  0%| F|  |TAMS 0x00000000c4000000| PB 0x00000000c4000000| Untracked |  0
|   7|0x00000000c4100000, 0x00000000c4100000, 0x00000000c4200000|  0%| F|  |TAMS 0x00000000c4100000| PB 0x00000000c4100000| Untracked |  0
|   8|0x00000000c4200000, 0x00000000c4200000, 0x00000000c4300000|  0%| F|  |TAMS 0x00000000c4200000| PB 0x00000000c4200000| Untracked |  0
|   9|0x00000000c4300000, 0x00000000c4300000, 0x00000000c4400000|  0%| F|  |TAMS 0x00000000c4300000| PB 0x00000000c4300000| Untracked |  0
|  10|0x00000000c4400000, 0x00000000c4400000, 0x00000000c4500000|  0%| F|  |TAMS 0x00000000c4400000| PB 0x00000000c4400000| Untracked |  0
|  11|0x00000000c4500000, 0x00000000c4500000, 0x00000000c4600000|  0%| F|  |TAMS 0x00000000c4500000| PB 0x00000000c4500000| Untracked |  0
|  12|0x00000000c4600000, 0x00000000c4600000, 0x00000000c4700000|  0%| F|  |TAMS 0x00000000c4600000| PB 0x00000000c4600000| Untracked |  0
|  13|0x00000000c4700000, 0x00000000c4700000, 0x00000000c4800000|  0%| F|  |TAMS 0x00000000c4700000| PB 0x00000000c4700000| Untracked |  0
|  14|0x00000000c4800000, 0x00000000c4800000, 0x00000000c4900000|  0%| F|  |TAMS 0x00000000c4800000| PB 0x00000000c4800000| Untracked |  0
|  15|0x00000000c4900000, 0x00000000c4900000, 0x00000000c4a00000|  0%| F|  |TAMS 0x00000000c4900000| PB 0x00000000c4900000| Untracked |  0
|  16|0x00000000c4a00000, 0x00000000c4a00000, 0x00000000c4b00000|  0%| F|  |TAMS 0x00000000c4a00000| PB 0x00000000c4a00000| Untracked |  0
|  17|0x00000000c4b00000, 0x00000000c4b00000, 0x00000000c4c00000|  0%| F|  |TAMS 0x00000000c4b00000| PB 0x00000000c4b00000| Untracked |  0
|  18|0x00000000c4c00000, 0x00000000c4c00000, 0x00000000c4d00000|  0%| F|  |TAMS 0x00000000c4c00000| PB 0x00000000c4c00000| Untracked |  0
|  19|0x00000000c4d00000, 0x00000000c4d00000, 0x00000000c4e00000|  0%| F|  |TAMS 0x00000000c4d00000| PB 0x00000000c4d00000| Untracked |  0
|  20|0x00000000c4e00000, 0x00000000c4e00000, 0x00000000c4f00000|  0%| F|  |TAMS 0x00000000c4e00000| PB 0x00000000c4e00000| Untracked |  0
|  21|0x00000000c4f00000, 0x00000000c4f00000, 0x00000000c5000000|  0%| F|  |TAMS 0x00000000c4f00000| PB 0x00000000c4f00000| Untracked |  0
|  22|0x00000000c5000000, 0x00000000c5000000, 0x00000000c5100000|  0%| F|  |TAMS 0x00000000c5000000| PB 0x00000000c5000000| Untracked |  0
|  23|0x00000000c5100000, 0x00000000c5100000, 0x00000000c5200000|  0%| F|  |TAMS 0x00000000c5100000| PB 0x00000000c5100000| Untracked |  0
|  24|0x00000000c5200000, 0x00000000c5200000, 0x00000000c5300000|  0%| F|  |TAMS 0x00000000c5200000| PB 0x00000000c5200000| Untracked |  0
|  25|0x00000000c5300000, 0x00000000c5300000, 0x00000000c5400000|  0%| F|  |TAMS 0x00000000c5300000| PB 0x00000000c5300000| Untracked |  0
|  26|0x00000000c5400000, 0x00000000c5400000, 0x00000000c5500000|  0%| F|  |TAMS 0x00000000c5400000| PB 0x00000000c5400000| Untracked |  0
|  27|0x00000000c5500000, 0x00000000c5500000, 0x00000000c5600000|  0%| F|  |TAMS 0x00000000c5500000| PB 0x00000000c5500000| Untracked |  0
|  28|0x00000000c5600000, 0x00000000c5600000, 0x00000000c5700000|  0%| F|  |TAMS 0x00000000c5600000| PB 0x00000000c5600000| Untracked |  0
|  29|0x00000000c5700000, 0x00000000c5700000, 0x00000000c5800000|  0%| F|  |TAMS 0x00000000c5700000| PB 0x00000000c5700000| Untracked |  0
|  30|0x00000000c5800000, 0x00000000c5800000, 0x00000000c5900000|  0%| F|  |TAMS 0x00000000c5800000| PB 0x00000000c5800000| Untracked |  0
|  31|0x00000000c5900000, 0x00000000c5900000, 0x00000000c5a00000|  0%| F|  |TAMS 0x00000000c5900000| PB 0x00000000c5900000| Untracked |  0
|  32|0x00000000c5a00000, 0x00000000c5a00000, 0x00000000c5b00000|  0%| F|  |TAMS 0x00000000c5a00000| PB 0x00000000c5a00000| Untracked |  0
|  33|0x00000000c5b00000, 0x00000000c5b00000, 0x00000000c5c00000|  0%| F|  |TAMS 0x00000000c5b00000| PB 0x00000000c5b00000| Untracked |  0
|  34|0x00000000c5c00000, 0x00000000c5c00000, 0x00000000c5d00000|  0%| F|  |TAMS 0x00000000c5c00000| PB 0x00000000c5c00000| Untracked |  0
|  35|0x00000000c5d00000, 0x00000000c5d00000, 0x00000000c5e00000|  0%| F|  |TAMS 0x00000000c5d00000| PB 0x00000000c5d00000| Untracked |  0
|  36|0x00000000c5e00000, 0x00000000c5e00000, 0x00000000c5f00000|  0%| F|  |TAMS 0x00000000c5e00000| PB 0x00000000c5e00000| Untracked |  0
|  37|0x00000000c5f00000, 0x00000000c5f00000, 0x00000000c6000000|  0%| F|  |TAMS 0x00000000c5f00000| PB 0x00000000c5f00000| Untracked |  0
|  38|0x00000000c6000000, 0x00000000c6000000, 0x00000000c6100000|  0%| F|  |TAMS 0x00000000c6000000| PB 0x00000000c6000000| Untracked |  0
|  39|0x00000000c6100000, 0x00000000c6100000, 0x00000000c6200000|  0%| F|  |TAMS 0x00000000c6100000| PB 0x00000000c6100000| Untracked |  0
|  40|0x00000000c6200000, 0x00000000c6200000, 0x00000000c6300000|  0%| F|  |TAMS 0x00000000c6200000| PB 0x00000000c6200000| Untracked |  0
|  41|0x00000000c6300000, 0x00000000c6300000, 0x00000000c6400000|  0%| F|  |TAMS 0x00000000c6300000| PB 0x00000000c6300000| Untracked |  0
|  42|0x00000000c6400000, 0x00000000c6400000, 0x00000000c6500000|  0%| F|  |TAMS 0x00000000c6400000| PB 0x00000000c6400000| Untracked |  0
|  43|0x00000000c6500000, 0x00000000c6500000, 0x00000000c6600000|  0%| F|  |TAMS 0x00000000c6500000| PB 0x00000000c6500000| Untracked |  0
|  44|0x00000000c6600000, 0x00000000c6600000, 0x00000000c6700000|  0%| F|  |TAMS 0x00000000c6600000| PB 0x00000000c6600000| Untracked |  0
|  45|0x00000000c6700000, 0x00000000c6700000, 0x00000000c6800000|  0%| F|  |TAMS 0x00000000c6700000| PB 0x00000000c6700000| Untracked |  0
|  46|0x00000000c6800000, 0x00000000c6800000, 0x00000000c6900000|  0%| F|  |TAMS 0x00000000c6800000| PB 0x00000000c6800000| Untracked |  0
|  47|0x00000000c6900000, 0x00000000c6900000, 0x00000000c6a00000|  0%| F|  |TAMS 0x00000000c6900000| PB 0x00000000c6900000| Untracked |  0
|  48|0x00000000c6a00000, 0x00000000c6a00000, 0x00000000c6b00000|  0%| F|  |TAMS 0x00000000c6a00000| PB 0x00000000c6a00000| Untracked |  0
|  49|0x00000000c6b00000, 0x00000000c6b00000, 0x00000000c6c00000|  0%| F|  |TAMS 0x00000000c6b00000| PB 0x00000000c6b00000| Untracked |  0
|  50|0x00000000c6c00000, 0x00000000c6c00000, 0x00000000c6d00000|  0%| F|  |TAMS 0x00000000c6c00000| PB 0x00000000c6c00000| Untracked |  0
|  51|0x00000000c6d00000, 0x00000000c6d00000, 0x00000000c6e00000|  0%| F|  |TAMS 0x00000000c6d00000| PB 0x00000000c6d00000| Untracked |  0
|  52|0x00000000c6e00000, 0x00000000c6e00000, 0x00000000c6f00000|  0%| F|  |TAMS 0x00000000c6e00000| PB 0x00000000c6e00000| Untracked |  0
|  53|0x00000000c6f00000, 0x00000000c6f00000, 0x00000000c7000000|  0%| F|  |TAMS 0x00000000c6f00000| PB 0x00000000c6f00000| Untracked |  0
|  54|0x00000000c7000000, 0x00000000c7000000, 0x00000000c7100000|  0%| F|  |TAMS 0x00000000c7000000| PB 0x00000000c7000000| Untracked |  0
|  55|0x00000000c7100000, 0x00000000c7100000, 0x00000000c7200000|  0%| F|  |TAMS 0x00000000c7100000| PB 0x00000000c7100000| Untracked |  0
|  56|0x00000000c7200000, 0x00000000c7200000, 0x00000000c7300000|  0%| F|  |TAMS 0x00000000c7200000| PB 0x00000000c7200000| Untracked |  0
|  57|0x00000000c7300000, 0x00000000c7300000, 0x00000000c7400000|  0%| F|  |TAMS 0x00000000c7300000| PB 0x00000000c7300000| Untracked |  0
|  58|0x00000000c7400000, 0x00000000c7400000, 0x00000000c7500000|  0%| F|  |TAMS 0x00000000c7400000| PB 0x00000000c7400000| Untracked |  0
|  59|0x00000000c7500000, 0x00000000c7547b18, 0x00000000c7600000| 28%| E|  |TAMS 0x00000000c7500000| PB 0x00000000c7500000| Complete |  0
|  60|0x00000000c7600000, 0x00000000c7700000, 0x00000000c7700000|100%| E|CS|TAMS 0x00000000c7600000| PB 0x00000000c7600000| Complete |  0
|  61|0x00000000c7700000, 0x00000000c7800000, 0x00000000c7800000|100%| E|CS|TAMS 0x00000000c7700000| PB 0x00000000c7700000| Complete |  0

Card table byte_map: [0x000001dff6310000,0x000001dff6500000] _byte_map_base: 0x000001dff5cf3000

Marking Bits: (CMBitMap*) 0x000001dfe32adab0
 Bits: [0x000001dff6500000, 0x000001dff7418000)

Polling page: 0x000001dfe2830000

Metaspace:

Usage:
  Non-class:      7.03 MB used.
      Class:    678.55 KB used.
       Both:      7.69 MB used.

Virtual space:
  Non-class space:       64.00 MB reserved,       7.06 MB ( 11%) committed,  1 nodes.
      Class space:        1.00 GB reserved,     768.00 KB ( <1%) committed,  1 nodes.
             Both:        1.06 GB reserved,       7.81 MB ( <1%) committed. 

Chunk freelists:
   Non-Class:  8.45 MB
       Class:  15.22 MB
        Both:  23.68 MB

MaxMetaspaceSize: unlimited
CompressedClassSpaceSize: 1.00 GB
Initial GC threshold: 21.00 MB
Current GC threshold: 21.00 MB
CDS: off
 - commit_granule_bytes: 65536.
 - commit_granule_words: 8192.
 - virtual_space_node_default_size: 8388608.
 - enlarge_chunks_in_place: 1.
 - use_allocation_guard: 0.


Internal statistics:

num_allocs_failed_limit: 0.
num_arena_births: 58.
num_arena_deaths: 0.
num_vsnodes_births: 2.
num_vsnodes_deaths: 0.
num_space_committed: 125.
num_space_uncommitted: 0.
num_chunks_returned_to_freelist: 0.
num_chunks_taken_from_freelist: 85.
num_chunk_merges: 0.
num_chunk_splits: 44.
num_chunks_enlarged: 15.
num_inconsistent_stats: 0.

CodeHeap 'non-profiled nmethods': size=120064Kb used=89Kb max_used=89Kb free=119974Kb
 bounds [0x000001dfeebe0000, 0x000001dfeee50000, 0x000001dff6120000]
CodeHeap 'profiled nmethods': size=120000Kb used=255Kb max_used=255Kb free=119744Kb
 bounds [0x000001dfe7120000, 0x000001dfe7390000, 0x000001dfee650000]
CodeHeap 'non-nmethods': size=5696Kb used=1388Kb max_used=1402Kb free=4308Kb
 bounds [0x000001dfee650000, 0x000001dfee8c0000, 0x000001dfeebe0000]
CodeCache: size=245760Kb, used=1732Kb, max_used=1746Kb, free=244026Kb
 total_blobs=690, nmethods=274, adapters=322, full_count=0
Compilation: enabled, stopped_count=0, restarted_count=0

Compilation events (20 events):
Event: 1.744 Thread 0x000001df8024df80  265       3       java.lang.invoke.MethodType::makeImpl (109 bytes)
Event: 1.745 Thread 0x000001df8024df80 nmethod 265 0x000001dfe715ac88 code [0x000001dfe715af40, 0x000001dfe715c310]
Event: 1.759 Thread 0x000001df8024df80  266       3       java.lang.invoke.MemberName::isConstructor (8 bytes)
Event: 1.759 Thread 0x000001df8024df80 nmethod 266 0x000001dfe715c408 code [0x000001dfe715c520, 0x000001dfe715c6e8]
Event: 1.759 Thread 0x000001df8024df80  267       3       java.lang.invoke.MemberName::getMethodOrFieldType (72 bytes)
Event: 1.759 Thread 0x000001df801edfa0  272       4       jdk.internal.org.objectweb.asm.ByteVector::putUTF8 (144 bytes)
Event: 1.760 Thread 0x000001df8024df80 nmethod 267 0x000001dfe715c708 code [0x000001dfe715c9c0, 0x000001dfe715d7e0]
Event: 1.760 Thread 0x000001df8024df80  268       3       java.lang.StringLatin1::replace (198 bytes)
Event: 1.761 Thread 0x000001df8024df80 nmethod 268 0x000001dfe715d888 code [0x000001dfe715dac0, 0x000001dfe715e900]
Event: 1.761 Thread 0x000001df8024df80  269       3       java.lang.StringBuilder::toString (20 bytes)
Event: 1.761 Thread 0x000001df8024df80 nmethod 269 0x000001dfe715e988 code [0x000001dfe715eac0, 0x000001dfe715ed38]
Event: 1.761 Thread 0x000001df8024df80  270       3       java.lang.String::<init> (98 bytes)
Event: 1.761 Thread 0x000001df8024df80 nmethod 270 0x000001dfe715ed88 code [0x000001dfe715ef20, 0x000001dfe715f558]
Event: 1.761 Thread 0x000001df8024df80  271       3       java.lang.AbstractStringBuilder::<init> (39 bytes)
Event: 1.761 Thread 0x000001df8024df80 nmethod 271 0x000001dfe715f588 code [0x000001dfe715f6a0, 0x000001dfe715f918]
Event: 1.761 Thread 0x000001df8024df80  273       1       java.lang.invoke.MethodHandles$Lookup::lookupClass (5 bytes)
Event: 1.761 Thread 0x000001df8024df80 nmethod 273 0x000001dfeebf5c08 code [0x000001dfeebf5d20, 0x000001dfeebf5de8]
Event: 1.763 Thread 0x000001df8024df80  274       3       java.lang.ref.WeakReference::<init> (7 bytes)
Event: 1.763 Thread 0x000001df8024df80 nmethod 274 0x000001dfe715f988 code [0x000001dfe715fac0, 0x000001dfe715fd88]
Event: 1.763 Thread 0x000001df801edfa0 nmethod 272 0x000001dfeebf5f08 code [0x000001dfeebf6040, 0x000001dfeebf6410]

GC Heap History (0 events):
No events

Dll operation events (4 events):
Event: 0.027 Loaded shared library C:\Users\amand\.p2\pool\plugins\org.eclipse.justj.openjdk.hotspot.jre.full.win32.x86_64_23.0.1.v20241024-1700\jre\bin\java.dll
Event: 0.606 Loaded shared library C:\Users\amand\.p2\pool\plugins\org.eclipse.justj.openjdk.hotspot.jre.full.win32.x86_64_23.0.1.v20241024-1700\jre\bin\zip.dll
Event: 1.547 Loaded shared library C:\Users\amand\.p2\pool\plugins\org.eclipse.justj.openjdk.hotspot.jre.full.win32.x86_64_23.0.1.v20241024-1700\jre\bin\jimage.dll
Event: 1.676 Loaded shared library C:\Users\amand\.p2\pool\plugins\org.eclipse.justj.openjdk.hotspot.jre.full.win32.x86_64_23.0.1.v20241024-1700\jre\bin\awt.dll

Deoptimization events (0 events):
No events

Classes loaded (20 events):
Event: 1.761 Loading class java/util/stream/ReduceOps$ReduceOp
Event: 1.761 Loading class java/util/stream/TerminalOp
Event: 1.762 Loading class java/util/stream/TerminalOp done
Event: 1.762 Loading class java/util/stream/ReduceOps$ReduceOp done
Event: 1.762 Loading class java/util/stream/ReduceOps$3 done
Event: 1.762 Loading class java/util/stream/ReduceOps$3ReducingSink
Event: 1.762 Loading class java/util/stream/ReduceOps$AccumulatingSink
Event: 1.762 Loading class java/util/stream/TerminalSink
Event: 1.762 Loading class java/util/stream/Sink
Event: 1.762 Loading class java/util/stream/Sink done
Event: 1.762 Loading class java/util/stream/TerminalSink done
Event: 1.762 Loading class java/util/stream/ReduceOps$AccumulatingSink done
Event: 1.762 Loading class java/util/stream/ReduceOps$Box
Event: 1.762 Loading class java/util/stream/ReduceOps$Box done
Event: 1.762 Loading class java/util/stream/ReduceOps$3ReducingSink done
Event: 1.762 Loading class java/util/stream/ReferencePipeline$3$1
Event: 1.762 Loading class java/util/stream/Sink$ChainedReference
Event: 1.762 Loading class java/util/stream/Sink$ChainedReference done
Event: 1.762 Loading class java/util/stream/ReferencePipeline$3$1 done
Event: 1.763 Loading class sun/awt/AppContext

Classes unloaded (0 events):
No events

Classes redefined (0 events):
No events

Internal exceptions (3 events):
Event: 1.657 Thread 0x000001dfe0f1e1b0 Exception <a 'java/lang/ClassNotFoundException'{0x00000000c76a65f0}: sun/awt/resources/spi/awtProvider> (0x00000000c76a65f0) 
thrown [s\src\hotspot\share\classfile\systemDictionary.cpp, line 313]
Event: 1.734 Thread 0x000001dfe0f1e1b0 Exception <a 'java/io/FileNotFoundException'{0x00000000c76fd880}> (0x00000000c76fd880) 
thrown [s\src\hotspot\share\prims\jni.cpp, line 520]
Event: 1.743 Thread 0x000001dfe0f1e1b0 Exception <a 'java/io/FileNotFoundException'{0x00000000c752beb0}> (0x00000000c752beb0) 
thrown [s\src\hotspot\share\prims\jni.cpp, line 520]

VM Operations (0 events):
No events

Memory protections (0 events):
No events

Nmethod flushes (0 events):
No events

Events (11 events):
Event: 0.600 Thread 0x000001dfe0f1e1b0 Thread added: 0x000001dfe0f1e1b0
Event: 0.933 Thread 0x000001dfe0f1e1b0 Thread added: 0x000001df801fc4c0
Event: 0.934 Thread 0x000001dfe0f1e1b0 Thread added: 0x000001df801e46c0
Event: 0.936 Thread 0x000001dfe0f1e1b0 Thread added: 0x000001df801f35c0
Event: 0.937 Thread 0x000001dfe0f1e1b0 Thread added: 0x000001df801e9a30
Event: 0.937 Thread 0x000001dfe0f1e1b0 Thread added: 0x000001df801ec7b0
Event: 0.937 Thread 0x000001dfe0f1e1b0 Thread added: 0x000001df801ed210
Event: 0.937 Thread 0x000001dfe0f1e1b0 Thread added: 0x000001df801edfa0
Event: 0.939 Thread 0x000001dfe0f1e1b0 Thread added: 0x000001df8024df80
Event: 1.071 Thread 0x000001dfe0f1e1b0 Thread added: 0x000001df803cf300
Event: 1.094 Thread 0x000001dfe0f1e1b0 Thread added: 0x000001df803d0180


Dynamic libraries:
0x00007ff71a740000 - 0x00007ff71a74e000 	C:\Users\amand\.p2\pool\plugins\org.eclipse.justj.openjdk.hotspot.jre.full.win32.x86_64_23.0.1.v20241024-1700\jre\bin\javaw.exe
0x00007ffb2d860000 - 0x00007ffb2dac3000 	C:\WINDOWS\SYSTEM32\ntdll.dll
0x00007ffb2bb50000 - 0x00007ffb2bc18000 	C:\WINDOWS\System32\KERNEL32.DLL
0x00007ffb2b160000 - 0x00007ffb2b512000 	C:\WINDOWS\System32\KERNELBASE.dll
0x00007ffb2ad60000 - 0x00007ffb2aeab000 	C:\WINDOWS\System32\ucrtbase.dll
0x00007ffb17380000 - 0x00007ffb17397000 	C:\Users\amand\.p2\pool\plugins\org.eclipse.justj.openjdk.hotspot.jre.full.win32.x86_64_23.0.1.v20241024-1700\jre\bin\jli.dll
0x00007ffb2d370000 - 0x00007ffb2d538000 	C:\WINDOWS\System32\USER32.dll
0x00007ffb2b690000 - 0x00007ffb2b6b7000 	C:\WINDOWS\System32\win32u.dll
0x00007ffb2d760000 - 0x00007ffb2d78a000 	C:\WINDOWS\System32\GDI32.dll
0x00007ffb2ac30000 - 0x00007ffb2ad5b000 	C:\WINDOWS\System32\gdi32full.dll
0x00007ffb2b5e0000 - 0x00007ffb2b683000 	C:\WINDOWS\System32\msvcp_win.dll
0x00007ffb19820000 - 0x00007ffb19ab0000 	C:\WINDOWS\WinSxS\amd64_microsoft.windows.common-controls_6595b64144ccf1df_6.0.26100.2454_none_3e0b68a2e331ad60\COMCTL32.dll
0x00007ffb15300000 - 0x00007ffb1531e000 	C:\Users\amand\.p2\pool\plugins\org.eclipse.justj.openjdk.hotspot.jre.full.win32.x86_64_23.0.1.v20241024-1700\jre\bin\VCRUNTIME140.dll
0x00007ffb2c5a0000 - 0x00007ffb2c649000 	C:\WINDOWS\System32\msvcrt.dll
0x00007ffb2b6c0000 - 0x00007ffb2b6ef000 	C:\WINDOWS\System32\IMM32.DLL
0x00007ffb1e8c0000 - 0x00007ffb1e8cc000 	C:\Users\amand\.p2\pool\plugins\org.eclipse.justj.openjdk.hotspot.jre.full.win32.x86_64_23.0.1.v20241024-1700\jre\bin\vcruntime140_1.dll
0x00007ffaff9d0000 - 0x00007ffaffa5d000 	C:\Users\amand\.p2\pool\plugins\org.eclipse.justj.openjdk.hotspot.jre.full.win32.x86_64_23.0.1.v20241024-1700\jre\bin\msvcp140.dll
0x00007ffab9ba0000 - 0x00007ffaba96d000 	C:\Users\amand\.p2\pool\plugins\org.eclipse.justj.openjdk.hotspot.jre.full.win32.x86_64_23.0.1.v20241024-1700\jre\bin\server\jvm.dll
0x00007ffb2c970000 - 0x00007ffb2ca24000 	C:\WINDOWS\System32\ADVAPI32.dll
0x00007ffb2c4f0000 - 0x00007ffb2c596000 	C:\WINDOWS\System32\sechost.dll
0x00007ffb2d250000 - 0x00007ffb2d366000 	C:\WINDOWS\System32\RPCRT4.dll
0x00007ffb2c8f0000 - 0x00007ffb2c964000 	C:\WINDOWS\System32\WS2_32.dll
0x00007ffb2aac0000 - 0x00007ffb2ab0e000 	C:\WINDOWS\SYSTEM32\POWRPROF.dll
0x00007ffb12940000 - 0x00007ffb12976000 	C:\WINDOWS\SYSTEM32\WINMM.dll
0x00007ffb23d00000 - 0x00007ffb23d0b000 	C:\WINDOWS\SYSTEM32\VERSION.dll
0x00007ffb2aaa0000 - 0x00007ffb2aab4000 	C:\WINDOWS\SYSTEM32\UMPDC.dll
0x00007ffb29a70000 - 0x00007ffb29a8a000 	C:\WINDOWS\SYSTEM32\kernel.appcore.dll
0x00007ffb1ff30000 - 0x00007ffb1ff3a000 	C:\Users\amand\.p2\pool\plugins\org.eclipse.justj.openjdk.hotspot.jre.full.win32.x86_64_23.0.1.v20241024-1700\jre\bin\jimage.dll
0x00007ffb28420000 - 0x00007ffb28661000 	C:\WINDOWS\SYSTEM32\DBGHELP.DLL
0x00007ffb2ca30000 - 0x00007ffb2cdae000 	C:\WINDOWS\System32\combase.dll
0x00007ffb2c6a0000 - 0x00007ffb2c776000 	C:\WINDOWS\System32\OLEAUT32.dll
0x00007ffafe030000 - 0x00007ffafe069000 	C:\WINDOWS\SYSTEM32\dbgcore.DLL
0x00007ffb2af40000 - 0x00007ffb2afd9000 	C:\WINDOWS\System32\bcryptPrimitives.dll
0x00007ffb1fea0000 - 0x00007ffb1febe000 	C:\Users\amand\.p2\pool\plugins\org.eclipse.justj.openjdk.hotspot.jre.full.win32.x86_64_23.0.1.v20241024-1700\jre\bin\java.dll
0x00007ffb2c350000 - 0x00007ffb2c4e9000 	C:\WINDOWS\System32\ole32.dll
0x00007ffb2bc20000 - 0x00007ffb2c320000 	C:\WINDOWS\System32\SHELL32.dll
0x00007ffb1fbe0000 - 0x00007ffb1fbf7000 	C:\Users\amand\.p2\pool\plugins\org.eclipse.justj.openjdk.hotspot.jre.full.win32.x86_64_23.0.1.v20241024-1700\jre\bin\zip.dll
0x00007ffb28980000 - 0x00007ffb291b1000 	C:\WINDOWS\SYSTEM32\windows.storage.dll
0x00007ffb2b850000 - 0x00007ffb2b92a000 	C:\WINDOWS\System32\SHCORE.dll
0x00007ffb2b700000 - 0x00007ffb2b75d000 	C:\WINDOWS\System32\shlwapi.dll
0x00007ffb2ab40000 - 0x00007ffb2ab6e000 	C:\WINDOWS\SYSTEM32\profapi.dll
0x00007ffac5ae0000 - 0x00007ffac5c6d000 	C:\Users\amand\.p2\pool\plugins\org.eclipse.justj.openjdk.hotspot.jre.full.win32.x86_64_23.0.1.v20241024-1700\jre\bin\awt.dll
0x00007ffb27840000 - 0x00007ffb278dc000 	C:\WINDOWS\SYSTEM32\apphelp.dll

dbghelp: loaded successfully - version: 4.0.5 - missing functions: none
symbol engine: initialized successfully - sym options: 0x614 - pdb path: .;C:\Users\amand\.p2\pool\plugins\org.eclipse.justj.openjdk.hotspot.jre.full.win32.x86_64_23.0.1.v20241024-1700\jre\bin;C:\WINDOWS\SYSTEM32;C:\WINDOWS\WinSxS\amd64_microsoft.windows.common-controls_6595b64144ccf1df_6.0.26100.2454_none_3e0b68a2e331ad60;C:\Users\amand\.p2\pool\plugins\org.eclipse.justj.openjdk.hotspot.jre.full.win32.x86_64_23.0.1.v20241024-1700\jre\bin\server

VM Arguments:
jvm_args: -Dfile.encoding=UTF-8 -Dstdout.encoding=UTF-8 -Dstderr.encoding=UTF-8 -XX:+ShowCodeDetailsInExceptionMessages 
java_command: view.JVelha
java_class_path (initial): C:\Users\amand\eclipse-workspace\Clientes\bin
Launcher Type: SUN_STANDARD

[Global flags]
     intx CICompilerCount                          = 3                                         {product} {ergonomic}
     uint ConcGCThreads                            = 1                                         {product} {ergonomic}
     uint G1ConcRefinementThreads                  = 4                                         {product} {ergonomic}
   size_t G1HeapRegionSize                         = 1048576                                   {product} {ergonomic}
   size_t InitialHeapSize                          = 65011712                                  {product} {ergonomic}
   size_t MarkStackSize                            = 4194304                                   {product} {ergonomic}
   size_t MarkStackSizeMax                         = 536870912                                 {product} {ergonomic}
   size_t MaxHeapSize                              = 1012924416                                {product} {ergonomic}
   size_t MaxNewSize                               = 607125504                                 {product} {ergonomic}
   size_t MinHeapDeltaBytes                        = 1048576                                   {product} {ergonomic}
   size_t MinHeapSize                              = 8388608                                   {product} {ergonomic}
    uintx NonNMethodCodeHeapSize                   = 5832704                                {pd product} {ergonomic}
    uintx NonProfiledCodeHeapSize                  = 122945536                              {pd product} {ergonomic}
    uintx ProfiledCodeHeapSize                     = 122880000                              {pd product} {ergonomic}
    uintx ReservedCodeCacheSize                    = 251658240                              {pd product} {ergonomic}
     bool SegmentedCodeCache                       = true                                      {product} {ergonomic}
     bool ShowCodeDetailsInExceptionMessages       = true                                   {manageable} {command line}
   size_t SoftMaxHeapSize                          = 1012924416                             {manageable} {ergonomic}
     bool UseCompressedOops                        = true                           {product lp64_product} {ergonomic}
     bool UseG1GC                                  = true                                      {product} {ergonomic}
     bool UseLargePagesIndividualAllocation        = false                                  {pd product} {ergonomic}

Logging:
Log output configuration:
 #0: stdout all=warning uptime,level,tags foldmultilines=false
 #1: stderr all=off uptime,level,tags foldmultilines=false

Environment Variables:
PATH=C:/Users/amand/.p2/pool/plugins/org.eclipse.justj.openjdk.hotspot.jre.full.win32.x86_64_23.0.1.v20241024-1700/jre/bin/server;C:/Users/amand/.p2/pool/plugins/org.eclipse.justj.openjdk.hotspot.jre.full.win32.x86_64_23.0.1.v20241024-1700/jre/bin;C:\WINDOWS\system32;C:\WINDOWS;C:\WINDOWS\System32\Wbem;C:\WINDOWS\System32\WindowsPowerShell\v1.0\;C:\WINDOWS\System32\OpenSSH\;C:\Users\amand\AppData\Local\Programs\Python\Python312\Scripts\;C:\Users\amand\AppData\Local\Programs\Python\Python312\;C:\Users\amand\AppData\Local\Microsoft\WindowsApps;;C:\Users\amand\AppData\Local\Programs\Microsoft VS Code\bin;C:\WINDOWS\system32;
USERNAME=amand
OS=Windows_NT
PROCESSOR_IDENTIFIER=Intel64 Family 6 Model 126 Stepping 5, GenuineIntel
TMP=C:\Users\amand\AppData\Local\Temp
TEMP=C:\Users\amand\AppData\Local\Temp




Periodic native trim disabled

---------------  S Y S T E M  ---------------

OS:
 Windows 11 , 64 bit Build 26100 (10.0.26100.2454)
OS uptime: 12 days 1:56 hours

CPU: total 4 (initial active 4) (2 cores per cpu, 2 threads per core) family 6 model 126 stepping 5 microcode 0xc6, cx8, cmov, fxsr, ht, mmx, 3dnowpref, sse, sse2, sse3, ssse3, sse4.1, sse4.2, popcnt, lzcnt, tsc, tscinvbit, avx, avx2, aes, erms, clmul, bmi1, bmi2, adx, avx512f, avx512dq, avx512cd, avx512bw, avx512vl, sha, fma, vzeroupper, avx512_vpopcntdq, avx512_vpclmulqdq, avx512_vaes, avx512_vnni, clflush, clflushopt, avx512_vbmi2, avx512_vbmi, rdtscp, rdpid, fsrm, gfni, avx512_bitalg, f16c, pku, avx512_ifma
Processor Information for the first 4 processors :
  Max Mhz: 1190, Current Mhz: 1190, Mhz Limit: 1190

Memory: 4k page, system-wide physical 3862M (330M free)
TotalPageFile size 15638M (AvailPageFile size 0M)
current process WorkingSet (physical memory assigned to process): 41M, peak: 41M
current process commit charge ("private bytes"): 131M, peak: 131M

vm_info: OpenJDK 64-Bit Server VM (23.0.1+11) for windows-amd64 JRE (23.0.1+11), built on 2024-10-15T00:00:00Z with MS VC++ 17.7 (VS2022)

END.
