#
# There is insufficient memory for the Java Runtime Environment to continue.
# Native memory allocation (mmap) failed to map 65536 bytes. Error detail: Failed to commit metaspace.
# Possible reasons:
#   The system is out of physical RAM or swap space
#   This process is running with CompressedOops enabled, and the Java Heap may be blocking the growth of the native heap
# Possible solutions:
#   Reduce memory load on the system
#   Increase physical memory or swap space
#   Check if swap backing store is full
#   Decrease Java heap size (-Xmx/-Xms)
#   Decrease number of Java threads
#   Decrease Java thread stack sizes (-Xss)
#   Set larger code cache with -XX:ReservedCodeCacheSize=
#   JVM is running with Unscaled Compressed Oops mode in which the Java heap is
#     placed in the first 4GB address space. The Java Heap base address is the
#     maximum limit for the native heap growth. Please use -XX:HeapBaseMinAddress
#     to set the Java Heap base and to place the Java Heap above 4GB virtual address.
# This output file may be truncated or incomplete.
#
#  Out of Memory Error (virtualSpaceNode.cpp:113), pid=24168, tid=16816
#
# JRE version: OpenJDK Runtime Environment Temurin-23.0.1+11 (23.0.1+11) (build 23.0.1+11)
# Java VM: OpenJDK 64-Bit Server VM Temurin-23.0.1+11 (23.0.1+11, mixed mode, sharing, tiered, compressed oops, compressed class ptrs, g1 gc, windows-amd64)
# No core dump will be written. Minidumps are not enabled by default on client versions of Windows
#

---------------  S U M M A R Y ------------

Command Line: -Dfile.encoding=UTF-8 -Dstdout.encoding=UTF-8 -Dstderr.encoding=UTF-8 -XX:+ShowCodeDetailsInExceptionMessages view.JVelha

Host: Intel(R) Core(TM) i3-1005G1 CPU @ 1.20GHz, 4 cores, 3G,  Windows 11 , 64 bit Build 26100 (10.0.26100.2454)
Time: Sat Dec 28 10:40:46 2024 Hora oficial do Brasil elapsed time: 0.703521 seconds (0d 0h 0m 0s)

---------------  T H R E A D  ---------------

Current thread (0x00000264aff0cd00):  JavaThread "main"             [_thread_in_vm, id=16816, stack(0x0000006c45a00000,0x0000006c45b00000) (1024K)]

Stack: [0x0000006c45a00000,0x0000006c45b00000]
Native frames: (J=compiled Java code, j=interpreted, Vv=VM code, C=native code)
V  [jvm.dll+0x6e8c79]  (no source info available)
V  [jvm.dll+0x8d9253]  (no source info available)
V  [jvm.dll+0x8db6de]  (no source info available)
V  [jvm.dll+0x8dbdb3]  (no source info available)
V  [jvm.dll+0x281aa6]  (no source info available)
V  [jvm.dll+0x8d4fae]  (no source info available)
V  [jvm.dll+0x688e95]  (no source info available)
V  [jvm.dll+0x688efa]  (no source info available)
V  [jvm.dll+0x68b717]  (no source info available)
V  [jvm.dll+0x227b1c]  (no source info available)
V  [jvm.dll+0x6898ae]  (no source info available)
V  [jvm.dll+0x26c6e0]  (no source info available)
V  [jvm.dll+0x218687]  (no source info available)
V  [jvm.dll+0x20df2e]  (no source info available)
V  [jvm.dll+0x5c45dc]  (no source info available)
V  [jvm.dll+0x21f85b]  (no source info available)
V  [jvm.dll+0x84dc10]  (no source info available)
V  [jvm.dll+0x84ec76]  (no source info available)
V  [jvm.dll+0x84f284]  (no source info available)
V  [jvm.dll+0x84ef08]  (no source info available)
V  [jvm.dll+0x47a569]  (no source info available)
V  [jvm.dll+0x4434b6]  (no source info available)
C  [awt.dll+0x3901d]  (no source info available)

Java frames: (J=compiled Java code, j=interpreted, Vv=VM code)
j  sun.java2d.loops.GraphicsPrimitiveMgr.initIDs(Ljava/lang/Class;Ljava/lang/Class;Ljava/lang/Class;Ljava/lang/Class;Ljava/lang/Class;Ljava/lang/Class;Ljava/lang/Class;Ljava/lang/Class;Ljava/lang/Class;Ljava/lang/Class;Ljava/lang/Class;)V+0 java.desktop@23.0.1
j  sun.java2d.loops.GraphicsPrimitiveMgr.<clinit>()V+26 java.desktop@23.0.1
v  ~StubRoutines::call_stub 0x00000264bd750fcd
j  sun.java2d.windows.GDIBlitLoops.register()V+137 java.desktop@23.0.1
j  sun.java2d.windows.GDIWindowSurfaceData.<clinit>()V+72 java.desktop@23.0.1
v  ~StubRoutines::call_stub 0x00000264bd750fcd
j  sun.awt.Win32GraphicsConfig.createSurfaceData(Lsun/awt/windows/WComponentPeer;I)Lsun/java2d/SurfaceData;+1 java.desktop@23.0.1
j  sun.java2d.ScreenUpdateManager.createScreenSurface(Lsun/awt/Win32GraphicsConfig;Lsun/awt/windows/WComponentPeer;IZ)Lsun/java2d/SurfaceData;+3 java.desktop@23.0.1
j  sun.java2d.d3d.D3DScreenUpdateManager.createScreenSurface(Lsun/awt/Win32GraphicsConfig;Lsun/awt/windows/WComponentPeer;IZ)Lsun/java2d/SurfaceData;+20 java.desktop@23.0.1
j  sun.awt.windows.WComponentPeer.createScreenSurface(Z)V+21 java.desktop@23.0.1
j  sun.awt.windows.WComponentPeer.<init>(Ljava/awt/Component;)V+79 java.desktop@23.0.1
j  sun.awt.windows.WCanvasPeer.<init>(Ljava/awt/Component;)V+2 java.desktop@23.0.1
j  sun.awt.windows.WPanelPeer.<init>(Ljava/awt/Component;)V+2 java.desktop@23.0.1
j  sun.awt.windows.WWindowPeer.<init>(Ljava/awt/Window;)V+2 java.desktop@23.0.1
j  sun.awt.windows.WFramePeer.<init>(Ljava/awt/Frame;)V+2 java.desktop@23.0.1
j  sun.awt.windows.WToolkit.createFrame(Ljava/awt/Frame;)Ljava/awt/peer/FramePeer;+5 java.desktop@23.0.1
j  java.awt.Frame.addNotify()V+20 java.desktop@23.0.1
j  java.awt.Window.show()V+8 java.desktop@23.0.1
j  java.awt.Component.show(Z)V+5 java.desktop@23.0.1
j  java.awt.Component.setVisible(Z)V+2 java.desktop@23.0.1
j  java.awt.Window.setVisible(Z)V+2 java.desktop@23.0.1
j  view.JVelha.<init>()V+51
j  view.JVelha.main([Ljava/lang/String;)V+3
v  ~StubRoutines::call_stub 0x00000264bd750fcd
Lock stack of current Java thread (top to bottom):
LockStack[0]: java.awt.Component$AWTTreeLock 
{0x00000000c7694c68} - klass: 'java/awt/Component$AWTTreeLock'
 - ---- fields (total size 2 words):


---------------  P R O C E S S  ---------------

Threads class SMR info:
_java_thread_list=0x00000264c8c9b830, length=15, elements={
0x00000264aff0cd00, 0x00000264c8981b00, 0x00000264c8983090, 0x00000264c8989990,
0x00000264c898a0f0, 0x00000264c898a850, 0x00000264c898bcd0, 0x00000264c898c760,
0x00000264c89ca880, 0x00000264c8aeae00, 0x00000264c8af6cb0, 0x00000264c8cbdcc0,
0x00000264c8cc0340, 0x00000264c8cc3920, 0x00000264c8d0f430
}

Java Threads: ( => current thread )
=>0x00000264aff0cd00 JavaThread "main"                              [_thread_in_vm, id=16816, stack(0x0000006c45a00000,0x0000006c45b00000) (1024K)]
  0x00000264c8981b00 JavaThread "Reference Handler"          daemon [_thread_blocked, id=24268, stack(0x0000006c46200000,0x0000006c46300000) (1024K)]
  0x00000264c8983090 JavaThread "Finalizer"                  daemon [_thread_blocked, id=24276, stack(0x0000006c46300000,0x0000006c46400000) (1024K)]
  0x00000264c8989990 JavaThread "Signal Dispatcher"          daemon [_thread_blocked, id=24280, stack(0x0000006c46400000,0x0000006c46500000) (1024K)]
  0x00000264c898a0f0 JavaThread "Attach Listener"            daemon [_thread_blocked, id=24288, stack(0x0000006c46500000,0x0000006c46600000) (1024K)]
  0x00000264c898a850 JavaThread "Service Thread"             daemon [_thread_blocked, id=24284, stack(0x0000006c46600000,0x0000006c46700000) (1024K)]
  0x00000264c898bcd0 JavaThread "Monitor Deflation Thread"   daemon [_thread_blocked, id=24292, stack(0x0000006c46700000,0x0000006c46800000) (1024K)]
  0x00000264c898c760 JavaThread "C2 CompilerThread0"         daemon [_thread_blocked, id=24296, stack(0x0000006c46800000,0x0000006c46900000) (1024K)]
  0x00000264c89ca880 JavaThread "C1 CompilerThread0"         daemon [_thread_blocked, id=24304, stack(0x0000006c46900000,0x0000006c46a00000) (1024K)]
  0x00000264c8aeae00 JavaThread "Notification Thread"        daemon [_thread_blocked, id=24300, stack(0x0000006c46a00000,0x0000006c46b00000) (1024K)]
  0x00000264c8af6cb0 JavaThread "Common-Cleaner"             daemon [_thread_blocked, id=24308, stack(0x0000006c46b00000,0x0000006c46c00000) (1024K)]
  0x00000264c8cbdcc0 JavaThread "Java2D Disposer"            daemon [_thread_blocked, id=24320, stack(0x0000006c46d00000,0x0000006c46e00000) (1024K)]
  0x00000264c8cc0340 JavaThread "AWT-Shutdown"                      [_thread_blocked, id=24316, stack(0x0000006c46e00000,0x0000006c46f00000) (1024K)]
  0x00000264c8cc3920 JavaThread "AWT-Windows"                daemon [_thread_in_native, id=24324, stack(0x0000006c46f00000,0x0000006c47000000) (1024K)]
  0x00000264c8d0f430 JavaThread "AWT-EventQueue-0"                  [_thread_blocked, id=24328, stack(0x0000006c47000000,0x0000006c47100000) (1024K)]
Total: 15

Other Threads:
  0x00000264b243dfc0 VMThread "VM Thread"                           [id=24272, stack(0x0000006c46100000,0x0000006c46200000) (1024K)]
  0x00000264c896b670 WatcherThread "VM Periodic Task Thread"        [id=24264, stack(0x0000006c46000000,0x0000006c46100000) (1024K)]
  0x00000264b23add90 WorkerThread "GC Thread#0"                     [id=24216, stack(0x0000006c45b00000,0x0000006c45c00000) (1024K)]
  0x00000264b23b84d0 ConcurrentGCThread "G1 Main Marker"            [id=24212, stack(0x0000006c45c00000,0x0000006c45d00000) (1024K)]
  0x00000264b23ba6a0 WorkerThread "G1 Conc#0"                       [id=24236, stack(0x0000006c45d00000,0x0000006c45e00000) (1024K)]
  0x00000264b240f270 ConcurrentGCThread "G1 Refine#0"               [id=24240, stack(0x0000006c45e00000,0x0000006c45f00000) (1024K)]
  0x00000264b240fdf0 ConcurrentGCThread "G1 Service"                [id=2168, stack(0x0000006c45f00000,0x0000006c46000000) (1024K)]
Total: 7

Threads with active compile tasks:
Total: 0

VM state: not at safepoint (normal execution)

VM Mutex/Monitor currently owned by a thread:  ([mutex/lock_event])
[0x00007ffaba889cf0] Metaspace_lock - owner thread: 0x00000264aff0cd00

Heap address: 0x00000000c3a00000, size: 966 MB, Compressed Oops mode: 32-bit

CDS archive(s) mapped at: [0x00000264c9000000-0x00000264c9d70000-0x00000264c9d70000), size 14090240, SharedBaseAddress: 0x00000264c9000000, ArchiveRelocationMode: 1.
Compressed class space mapped at: 0x00000264ca000000-0x000002650a000000, reserved size: 1073741824
Narrow klass base: 0x00000264c9000000, Narrow klass shift: 0, Narrow klass range: 0x41000000

GC Precious Log:
 CardTable entry size: 512
 Card Set container configuration: InlinePtr #cards 5 size 8 Array Of Cards #cards 10 size 36 Howl #buckets 4 coarsen threshold 1843 Howl Bitmap #cards 512 size 80 coarsen threshold 460 Card regions per heap region 1 cards per card region 2048
 CPUs: 4 total, 4 available
 Memory: 3862M
 Large Page Support: Disabled
 NUMA Support: Disabled
 Compressed Oops: Enabled (32-bit)
 Heap Region Size: 1M
 Heap Min Capacity: 8M
 Heap Initial Capacity: 62M
 Heap Max Capacity: 966M
 Pre-touch: Disabled
 Parallel Workers: 4
 Concurrent Workers: 1
 Concurrent Refinement Workers: 4
 Periodic GC: Disabled

Heap:
 garbage-first heap   total reserved 989184K, committed 63488K, used 4096K [0x00000000c3a00000, 0x0000000100000000)
  region size 1024K, 5 young (5120K), 0 survivors (0K)
 Metaspace       used 4543K, committed 4672K, reserved 1114112K
  class space    used 503K, committed 576K, reserved 1048576K

Heap Regions: E=young(eden), S=young(survivor), O=old, HS=humongous(starts), HC=humongous(continues), CS=collection set, F=free, TAMS=top-at-mark-start, PB=parsable bottom
|   0|0x00000000c3a00000, 0x00000000c3a00000, 0x00000000c3b00000|  0%| F|  |TAMS 0x00000000c3a00000| PB 0x00000000c3a00000| Untracked |  0
|   1|0x00000000c3b00000, 0x00000000c3b00000, 0x00000000c3c00000|  0%| F|  |TAMS 0x00000000c3b00000| PB 0x00000000c3b00000| Untracked |  0
|   2|0x00000000c3c00000, 0x00000000c3c00000, 0x00000000c3d00000|  0%| F|  |TAMS 0x00000000c3c00000| PB 0x00000000c3c00000| Untracked |  0
|   3|0x00000000c3d00000, 0x00000000c3d00000, 0x00000000c3e00000|  0%| F|  |TAMS 0x00000000c3d00000| PB 0x00000000c3d00000| Untracked |  0
|   4|0x00000000c3e00000, 0x00000000c3e00000, 0x00000000c3f00000|  0%| F|  |TAMS 0x00000000c3e00000| PB 0x00000000c3e00000| Untracked |  0
|   5|0x00000000c3f00000, 0x00000000c3f00000, 0x00000000c4000000|  0%| F|  |TAMS 0x00000000c3f00000| PB 0x00000000c3f00000| Untracked |  0
|   6|0x00000000c4000000, 0x00000000c4000000, 0x00000000c4100000|  0%| F|  |TAMS 0x00000000c4000000| PB 0x00000000c4000000| Untracked |  0
|   7|0x00000000c4100000, 0x00000000c4100000, 0x00000000c4200000|  0%| F|  |TAMS 0x00000000c4100000| PB 0x00000000c4100000| Untracked |  0
|   8|0x00000000c4200000, 0x00000000c4200000, 0x00000000c4300000|  0%| F|  |TAMS 0x00000000c4200000| PB 0x00000000c4200000| Untracked |  0
|   9|0x00000000c4300000, 0x00000000c4300000, 0x00000000c4400000|  0%| F|  |TAMS 0x00000000c4300000| PB 0x00000000c4300000| Untracked |  0
|  10|0x00000000c4400000, 0x00000000c4400000, 0x00000000c4500000|  0%| F|  |TAMS 0x00000000c4400000| PB 0x00000000c4400000| Untracked |  0
|  11|0x00000000c4500000, 0x00000000c4500000, 0x00000000c4600000|  0%| F|  |TAMS 0x00000000c4500000| PB 0x00000000c4500000| Untracked |  0
|  12|0x00000000c4600000, 0x00000000c4600000, 0x00000000c4700000|  0%| F|  |TAMS 0x00000000c4600000| PB 0x00000000c4600000| Untracked |  0
|  13|0x00000000c4700000, 0x00000000c4700000, 0x00000000c4800000|  0%| F|  |TAMS 0x00000000c4700000| PB 0x00000000c4700000| Untracked |  0
|  14|0x00000000c4800000, 0x00000000c4800000, 0x00000000c4900000|  0%| F|  |TAMS 0x00000000c4800000| PB 0x00000000c4800000| Untracked |  0
|  15|0x00000000c4900000, 0x00000000c4900000, 0x00000000c4a00000|  0%| F|  |TAMS 0x00000000c4900000| PB 0x00000000c4900000| Untracked |  0
|  16|0x00000000c4a00000, 0x00000000c4a00000, 0x00000000c4b00000|  0%| F|  |TAMS 0x00000000c4a00000| PB 0x00000000c4a00000| Untracked |  0
|  17|0x00000000c4b00000, 0x00000000c4b00000, 0x00000000c4c00000|  0%| F|  |TAMS 0x00000000c4b00000| PB 0x00000000c4b00000| Untracked |  0
|  18|0x00000000c4c00000, 0x00000000c4c00000, 0x00000000c4d00000|  0%| F|  |TAMS 0x00000000c4c00000| PB 0x00000000c4c00000| Untracked |  0
|  19|0x00000000c4d00000, 0x00000000c4d00000, 0x00000000c4e00000|  0%| F|  |TAMS 0x00000000c4d00000| PB 0x00000000c4d00000| Untracked |  0
|  20|0x00000000c4e00000, 0x00000000c4e00000, 0x00000000c4f00000|  0%| F|  |TAMS 0x00000000c4e00000| PB 0x00000000c4e00000| Untracked |  0
|  21|0x00000000c4f00000, 0x00000000c4f00000, 0x00000000c5000000|  0%| F|  |TAMS 0x00000000c4f00000| PB 0x00000000c4f00000| Untracked |  0
|  22|0x00000000c5000000, 0x00000000c5000000, 0x00000000c5100000|  0%| F|  |TAMS 0x00000000c5000000| PB 0x00000000c5000000| Untracked |  0
|  23|0x00000000c5100000, 0x00000000c5100000, 0x00000000c5200000|  0%| F|  |TAMS 0x00000000c5100000| PB 0x00000000c5100000| Untracked |  0
|  24|0x00000000c5200000, 0x00000000c5200000, 0x00000000c5300000|  0%| F|  |TAMS 0x00000000c5200000| PB 0x00000000c5200000| Untracked |  0
|  25|0x00000000c5300000, 0x00000000c5300000, 0x00000000c5400000|  0%| F|  |TAMS 0x00000000c5300000| PB 0x00000000c5300000| Untracked |  0
|  26|0x00000000c5400000, 0x00000000c5400000, 0x00000000c5500000|  0%| F|  |TAMS 0x00000000c5400000| PB 0x00000000c5400000| Untracked |  0
|  27|0x00000000c5500000, 0x00000000c5500000, 0x00000000c5600000|  0%| F|  |TAMS 0x00000000c5500000| PB 0x00000000c5500000| Untracked |  0
|  28|0x00000000c5600000, 0x00000000c5600000, 0x00000000c5700000|  0%| F|  |TAMS 0x00000000c5600000| PB 0x00000000c5600000| Untracked |  0
|  29|0x00000000c5700000, 0x00000000c5700000, 0x00000000c5800000|  0%| F|  |TAMS 0x00000000c5700000| PB 0x00000000c5700000| Untracked |  0
|  30|0x00000000c5800000, 0x00000000c5800000, 0x00000000c5900000|  0%| F|  |TAMS 0x00000000c5800000| PB 0x00000000c5800000| Untracked |  0
|  31|0x00000000c5900000, 0x00000000c5900000, 0x00000000c5a00000|  0%| F|  |TAMS 0x00000000c5900000| PB 0x00000000c5900000| Untracked |  0
|  32|0x00000000c5a00000, 0x00000000c5a00000, 0x00000000c5b00000|  0%| F|  |TAMS 0x00000000c5a00000| PB 0x00000000c5a00000| Untracked |  0
|  33|0x00000000c5b00000, 0x00000000c5b00000, 0x00000000c5c00000|  0%| F|  |TAMS 0x00000000c5b00000| PB 0x00000000c5b00000| Untracked |  0
|  34|0x00000000c5c00000, 0x00000000c5c00000, 0x00000000c5d00000|  0%| F|  |TAMS 0x00000000c5c00000| PB 0x00000000c5c00000| Untracked |  0
|  35|0x00000000c5d00000, 0x00000000c5d00000, 0x00000000c5e00000|  0%| F|  |TAMS 0x00000000c5d00000| PB 0x00000000c5d00000| Untracked |  0
|  36|0x00000000c5e00000, 0x00000000c5e00000, 0x00000000c5f00000|  0%| F|  |TAMS 0x00000000c5e00000| PB 0x00000000c5e00000| Untracked |  0
|  37|0x00000000c5f00000, 0x00000000c5f00000, 0x00000000c6000000|  0%| F|  |TAMS 0x00000000c5f00000| PB 0x00000000c5f00000| Untracked |  0
|  38|0x00000000c6000000, 0x00000000c6000000, 0x00000000c6100000|  0%| F|  |TAMS 0x00000000c6000000| PB 0x00000000c6000000| Untracked |  0
|  39|0x00000000c6100000, 0x00000000c6100000, 0x00000000c6200000|  0%| F|  |TAMS 0x00000000c6100000| PB 0x00000000c6100000| Untracked |  0
|  40|0x00000000c6200000, 0x00000000c6200000, 0x00000000c6300000|  0%| F|  |TAMS 0x00000000c6200000| PB 0x00000000c6200000| Untracked |  0
|  41|0x00000000c6300000, 0x00000000c6300000, 0x00000000c6400000|  0%| F|  |TAMS 0x00000000c6300000| PB 0x00000000c6300000| Untracked |  0
|  42|0x00000000c6400000, 0x00000000c6400000, 0x00000000c6500000|  0%| F|  |TAMS 0x00000000c6400000| PB 0x00000000c6400000| Untracked |  0
|  43|0x00000000c6500000, 0x00000000c6500000, 0x00000000c6600000|  0%| F|  |TAMS 0x00000000c6500000| PB 0x00000000c6500000| Untracked |  0
|  44|0x00000000c6600000, 0x00000000c6600000, 0x00000000c6700000|  0%| F|  |TAMS 0x00000000c6600000| PB 0x00000000c6600000| Untracked |  0
|  45|0x00000000c6700000, 0x00000000c6700000, 0x00000000c6800000|  0%| F|  |TAMS 0x00000000c6700000| PB 0x00000000c6700000| Untracked |  0
|  46|0x00000000c6800000, 0x00000000c6800000, 0x00000000c6900000|  0%| F|  |TAMS 0x00000000c6800000| PB 0x00000000c6800000| Untracked |  0
|  47|0x00000000c6900000, 0x00000000c6900000, 0x00000000c6a00000|  0%| F|  |TAMS 0x00000000c6900000| PB 0x00000000c6900000| Untracked |  0
|  48|0x00000000c6a00000, 0x00000000c6a00000, 0x00000000c6b00000|  0%| F|  |TAMS 0x00000000c6a00000| PB 0x00000000c6a00000| Untracked |  0
|  49|0x00000000c6b00000, 0x00000000c6b00000, 0x00000000c6c00000|  0%| F|  |TAMS 0x00000000c6b00000| PB 0x00000000c6b00000| Untracked |  0
|  50|0x00000000c6c00000, 0x00000000c6c00000, 0x00000000c6d00000|  0%| F|  |TAMS 0x00000000c6c00000| PB 0x00000000c6c00000| Untracked |  0
|  51|0x00000000c6d00000, 0x00000000c6d00000, 0x00000000c6e00000|  0%| F|  |TAMS 0x00000000c6d00000| PB 0x00000000c6d00000| Untracked |  0
|  52|0x00000000c6e00000, 0x00000000c6e00000, 0x00000000c6f00000|  0%| F|  |TAMS 0x00000000c6e00000| PB 0x00000000c6e00000| Untracked |  0
|  53|0x00000000c6f00000, 0x00000000c6f00000, 0x00000000c7000000|  0%| F|  |TAMS 0x00000000c6f00000| PB 0x00000000c6f00000| Untracked |  0
|  54|0x00000000c7000000, 0x00000000c7000000, 0x00000000c7100000|  0%| F|  |TAMS 0x00000000c7000000| PB 0x00000000c7000000| Untracked |  0
|  55|0x00000000c7100000, 0x00000000c7100000, 0x00000000c7200000|  0%| F|  |TAMS 0x00000000c7100000| PB 0x00000000c7100000| Untracked |  0
|  56|0x00000000c7200000, 0x00000000c7200000, 0x00000000c7300000|  0%| F|  |TAMS 0x00000000c7200000| PB 0x00000000c7200000| Untracked |  0
|  57|0x00000000c7300000, 0x00000000c73d7138, 0x00000000c7400000| 84%| E|  |TAMS 0x00000000c7300000| PB 0x00000000c7300000| Complete |  0
|  58|0x00000000c7400000, 0x00000000c7500000, 0x00000000c7500000|100%| E|CS|TAMS 0x00000000c7400000| PB 0x00000000c7400000| Complete |  0
|  59|0x00000000c7500000, 0x00000000c7600000, 0x00000000c7600000|100%| E|CS|TAMS 0x00000000c7500000| PB 0x00000000c7500000| Complete |  0
|  60|0x00000000c7600000, 0x00000000c7700000, 0x00000000c7700000|100%| E|CS|TAMS 0x00000000c7600000| PB 0x00000000c7600000| Complete |  0
|  61|0x00000000c7700000, 0x00000000c7800000, 0x00000000c7800000|100%| E|CS|TAMS 0x00000000c7700000| PB 0x00000000c7700000| Complete |  0

Card table byte_map: [0x00000264c5410000,0x00000264c5600000] _byte_map_base: 0x00000264c4df3000

Marking Bits: (CMBitMap*) 0x00000264b23ae4a0
 Bits: [0x00000264c5600000, 0x00000264c6518000)

Polling page: 0x00000264b01b0000

Metaspace:

Usage:
  Non-class:      3.94 MB used.
      Class:    503.93 KB used.
       Both:      4.44 MB used.

Virtual space:
  Non-class space:       64.00 MB reserved,       4.00 MB (  6%) committed,  1 nodes.
      Class space:        1.00 GB reserved,     576.00 KB ( <1%) committed,  1 nodes.
             Both:        1.06 GB reserved,       4.56 MB ( <1%) committed. 

Chunk freelists:
   Non-Class:  11.89 MB
       Class:  15.25 MB
        Both:  27.14 MB

MaxMetaspaceSize: unlimited
CompressedClassSpaceSize: 1.00 GB
Initial GC threshold: 21.00 MB
Current GC threshold: 21.00 MB
CDS: on
 - commit_granule_bytes: 65536.
 - commit_granule_words: 8192.
 - virtual_space_node_default_size: 8388608.
 - enlarge_chunks_in_place: 1.
 - use_allocation_guard: 0.


Internal statistics:

num_allocs_failed_limit: 0.
num_arena_births: 114.
num_arena_deaths: 0.
num_vsnodes_births: 2.
num_vsnodes_deaths: 0.
num_space_committed: 73.
num_space_uncommitted: 0.
num_chunks_returned_to_freelist: 0.
num_chunks_taken_from_freelist: 135.
num_chunk_merges: 0.
num_chunk_splits: 84.
num_chunks_enlarged: 35.
num_inconsistent_stats: 0.

CodeHeap 'non-profiled nmethods': size=120064Kb used=152Kb max_used=152Kb free=119911Kb
 bounds [0x00000264bdce0000, 0x00000264bdf50000, 0x00000264c5220000]
CodeHeap 'profiled nmethods': size=120000Kb used=563Kb max_used=563Kb free=119436Kb
 bounds [0x00000264b6220000, 0x00000264b6490000, 0x00000264bd750000]
CodeHeap 'non-nmethods': size=5696Kb used=1521Kb max_used=1530Kb free=4174Kb
 bounds [0x00000264bd750000, 0x00000264bd9c0000, 0x00000264bdce0000]
CodeCache: size=245760Kb, used=2236Kb, max_used=2245Kb, free=243521Kb
 total_blobs=1024, nmethods=515, adapters=415, full_count=0
Compilation: enabled, stopped_count=0, restarted_count=0

Compilation events (20 events):
Event: 0.680 Thread 0x00000264c89ca880  505       3       java.util.HashSet::add (20 bytes)
Event: 0.680 Thread 0x00000264c89ca880 nmethod 505 0x00000264b62a9a08 code [0x00000264b62a9b40, 0x00000264b62a9d68]
Event: 0.680 Thread 0x00000264c89ca880  506       3       java.lang.Integer::hashCode (8 bytes)
Event: 0.680 Thread 0x00000264c89ca880 nmethod 506 0x00000264b62a9d88 code [0x00000264b62a9ea0, 0x00000264b62aa008]
Event: 0.680 Thread 0x00000264c89ca880  507       3       java.lang.Integer::hashCode (2 bytes)
Event: 0.680 Thread 0x00000264c89ca880 nmethod 507 0x00000264b62aa088 code [0x00000264b62aa1a0, 0x00000264b62aa290]
Event: 0.681 Thread 0x00000264c89ca880  508       3       java.lang.CharacterData::of (136 bytes)
Event: 0.681 Thread 0x00000264c89ca880 nmethod 508 0x00000264b62aa388 code [0x00000264b62aa540, 0x00000264b62aae58]
Event: 0.681 Thread 0x00000264c89ca880  509       1       java.lang.Integer::intValue (5 bytes)
Event: 0.681 Thread 0x00000264c89ca880 nmethod 509 0x00000264bdd05508 code [0x00000264bdd05620, 0x00000264bdd056e8]
Event: 0.686 Thread 0x00000264c89ca880  511       3       jdk.internal.org.objectweb.asm.SymbolTable::addTypeInternal (85 bytes)
Event: 0.686 Thread 0x00000264c898c760  512       4       jdk.internal.org.objectweb.asm.ByteVector::putShort (52 bytes)
Event: 0.687 Thread 0x00000264c89ca880 nmethod 511 0x00000264b62aae88 code [0x00000264b62aafe0, 0x00000264b62ab5d0]
Event: 0.688 Thread 0x00000264c898c760 nmethod 512 0x00000264bdd05b08 code [0x00000264bdd05c20, 0x00000264bdd05d70]
Event: 0.693 Thread 0x00000264c89ca880  513   !   3       sun.awt.AppContext::get (123 bytes)
Event: 0.693 Thread 0x00000264c89ca880 nmethod 513 0x00000264b62ab608 code [0x00000264b62ab7a0, 0x00000264b62ac2b0]
Event: 0.697 Thread 0x00000264c89ca880  514       3       java.util.concurrent.ConcurrentHashMap$Traverser::advance (188 bytes)
Event: 0.697 Thread 0x00000264c89ca880 nmethod 514 0x00000264b62ac308 code [0x00000264b62ac4c0, 0x00000264b62acf78]
Event: 0.699 Thread 0x00000264c898c760  515       4       java.lang.Object::<init> (1 bytes)
Event: 0.700 Thread 0x00000264c898c760 nmethod 515 0x00000264bdd05e08 code [0x00000264bdd05f00, 0x00000264bdd05fb8]

GC Heap History (0 events):
No events

Dll operation events (4 events):
Event: 0.078 Loaded shared library C:\Users\amand\.p2\pool\plugins\org.eclipse.justj.openjdk.hotspot.jre.full.win32.x86_64_23.0.1.v20241024-1700\jre\bin\java.dll
Event: 0.268 Loaded shared library C:\Users\amand\.p2\pool\plugins\org.eclipse.justj.openjdk.hotspot.jre.full.win32.x86_64_23.0.1.v20241024-1700\jre\bin\zip.dll
Event: 0.317 Loaded shared library C:\Users\amand\.p2\pool\plugins\org.eclipse.justj.openjdk.hotspot.jre.full.win32.x86_64_23.0.1.v20241024-1700\jre\bin\jimage.dll
Event: 0.354 Loaded shared library C:\Users\amand\.p2\pool\plugins\org.eclipse.justj.openjdk.hotspot.jre.full.win32.x86_64_23.0.1.v20241024-1700\jre\bin\awt.dll

Deoptimization events (0 events):
No events

Classes loaded (20 events):
Event: 0.700 Loading class sun/java2d/loops/FillRect done
Event: 0.700 Loading class sun/java2d/loops/FillSpans
Event: 0.700 Loading class sun/java2d/loops/FillSpans done
Event: 0.700 Loading class sun/java2d/loops/FillParallelogram
Event: 0.700 Loading class sun/java2d/loops/FillParallelogram done
Event: 0.700 Loading class sun/java2d/loops/DrawParallelogram
Event: 0.700 Loading class sun/java2d/loops/DrawParallelogram done
Event: 0.700 Loading class sun/java2d/loops/DrawLine
Event: 0.700 Loading class sun/java2d/loops/DrawLine done
Event: 0.700 Loading class sun/java2d/loops/DrawRect
Event: 0.700 Loading class sun/java2d/loops/DrawRect done
Event: 0.700 Loading class sun/java2d/loops/DrawPolygons
Event: 0.700 Loading class sun/java2d/loops/DrawPolygons done
Event: 0.700 Loading class sun/java2d/loops/DrawPath
Event: 0.701 Loading class sun/java2d/loops/DrawPath done
Event: 0.701 Loading class sun/java2d/loops/FillPath
Event: 0.701 Loading class sun/java2d/loops/FillPath done
Event: 0.701 Loading class sun/java2d/loops/MaskBlit
Event: 0.701 Loading class sun/java2d/loops/MaskBlit done
Event: 0.701 Loading class sun/java2d/loops/MaskFill

Classes unloaded (0 events):
No events

Classes redefined (0 events):
No events

Internal exceptions (9 events):
Event: 0.336 Thread 0x00000264aff0cd00 Exception <a 'java/lang/ClassNotFoundException'{0x00000000c76a4fc8}: sun/awt/resources/spi/awtProvider> (0x00000000c76a4fc8) 
thrown [s\src\hotspot\share\classfile\systemDictionary.cpp, line 313]
Event: 0.376 Thread 0x00000264aff0cd00 Exception <a 'java/io/FileNotFoundException'{0x00000000c76fa468}> (0x00000000c76fa468) 
thrown [s\src\hotspot\share\prims\jni.cpp, line 520]
Event: 0.385 Thread 0x00000264aff0cd00 Exception <a 'java/io/FileNotFoundException'{0x00000000c7528a88}> (0x00000000c7528a88) 
thrown [s\src\hotspot\share\prims\jni.cpp, line 520]
Event: 0.522 Thread 0x00000264aff0cd00 Exception <a 'java/lang/NoSuchMethodError'{0x00000000c75c6bf8}: 'void java.lang.invoke.DirectMethodHandle$Holder.invokeSpecial(java.lang.Object, java.lang.Object, java.lang.Object)'> (0x00000000c75c6bf8) 
thrown [s\src\hotspot\share\interpreter\linkResolver.cpp, line 796]
Event: 0.547 Thread 0x00000264aff0cd00 Exception <a 'java/lang/NoSuchMethodError'{0x00000000c74870d0}: 'java.lang.Object java.lang.invoke.DirectMethodHandle$Holder.invokeStatic(java.lang.Object, int, java.lang.Object)'> (0x00000000c74870d0) 
thrown [s\src\hotspot\share\interpreter\linkResolver.cpp, line 796]
Event: 0.587 Thread 0x00000264aff0cd00 Exception <a 'java/lang/ClassNotFoundException'{0x00000000c7329ee0}: com/sun/swing/internal/plaf/metal/resources/spi/metalProvider> (0x00000000c7329ee0) 
thrown [s\src\hotspot\share\classfile\systemDictionary.cpp, line 313]
Event: 0.592 Thread 0x00000264aff0cd00 Exception <a 'java/lang/ClassNotFoundException'{0x00000000c732eb98}: com/sun/swing/internal/plaf/basic/resources/spi/basicProvider> (0x00000000c732eb98) 
thrown [s\src\hotspot\share\classfile\systemDictionary.cpp, line 313]
Event: 0.609 Thread 0x00000264aff0cd00 Exception <a 'java/lang/NoSuchMethodError'{0x00000000c7351f78}: 'int java.lang.invoke.Invokers$Holder.invokeExact_MT(java.lang.Object, java.lang.Object)'> (0x00000000c7351f78) 
thrown [s\src\hotspot\share\interpreter\linkResolver.cpp, line 796]
Event: 0.686 Thread 0x00000264c8cc3920 Exception <a 'java/lang/NoSuchMethodError'{0x00000000c740e820}: 'void java.lang.invoke.DirectMethodHandle$Holder.invokeVirtual(java.lang.Object, java.lang.Object)'> (0x00000000c740e820) 
thrown [s\src\hotspot\share\interpreter\linkResolver.cpp, line 796]

VM Operations (4 events):
Event: 0.587 Executing VM operation: HandshakeAllThreads (Deoptimize)
Event: 0.587 Executing VM operation: HandshakeAllThreads (Deoptimize) done
Event: 0.698 Executing VM operation: HandshakeAllThreads (Deoptimize)
Event: 0.698 Executing VM operation: HandshakeAllThreads (Deoptimize) done

Memory protections (0 events):
No events

Nmethod flushes (0 events):
No events

Events (15 events):
Event: 0.132 Thread 0x00000264aff0cd00 Thread added: 0x00000264aff0cd00
Event: 0.180 Thread 0x00000264aff0cd00 Thread added: 0x00000264c8981b00
Event: 0.180 Thread 0x00000264aff0cd00 Thread added: 0x00000264c8983090
Event: 0.181 Thread 0x00000264aff0cd00 Thread added: 0x00000264c8989990
Event: 0.181 Thread 0x00000264aff0cd00 Thread added: 0x00000264c898a0f0
Event: 0.181 Thread 0x00000264aff0cd00 Thread added: 0x00000264c898a850
Event: 0.181 Thread 0x00000264aff0cd00 Thread added: 0x00000264c898bcd0
Event: 0.181 Thread 0x00000264aff0cd00 Thread added: 0x00000264c898c760
Event: 0.183 Thread 0x00000264aff0cd00 Thread added: 0x00000264c89ca880
Event: 0.265 Thread 0x00000264aff0cd00 Thread added: 0x00000264c8aeae00
Event: 0.275 Thread 0x00000264aff0cd00 Thread added: 0x00000264c8af6cb0
Event: 0.468 Thread 0x00000264aff0cd00 Thread added: 0x00000264c8cbdcc0
Event: 0.471 Thread 0x00000264aff0cd00 Thread added: 0x00000264c8cc0340
Event: 0.476 Thread 0x00000264aff0cd00 Thread added: 0x00000264c8cc3920
Event: 0.689 Thread 0x00000264c8cc3920 Thread added: 0x00000264c8d0f430


Dynamic libraries:
0x00007ff71a740000 - 0x00007ff71a74e000 	C:\Users\amand\.p2\pool\plugins\org.eclipse.justj.openjdk.hotspot.jre.full.win32.x86_64_23.0.1.v20241024-1700\jre\bin\javaw.exe
0x00007ffb2d860000 - 0x00007ffb2dac3000 	C:\WINDOWS\SYSTEM32\ntdll.dll
0x00007ffb2bb50000 - 0x00007ffb2bc18000 	C:\WINDOWS\System32\KERNEL32.DLL
0x00007ffb2b160000 - 0x00007ffb2b512000 	C:\WINDOWS\System32\KERNELBASE.dll
0x00007ffb2ad60000 - 0x00007ffb2aeab000 	C:\WINDOWS\System32\ucrtbase.dll
0x00007ffb17380000 - 0x00007ffb17397000 	C:\Users\amand\.p2\pool\plugins\org.eclipse.justj.openjdk.hotspot.jre.full.win32.x86_64_23.0.1.v20241024-1700\jre\bin\jli.dll
0x00007ffb2d370000 - 0x00007ffb2d538000 	C:\WINDOWS\System32\USER32.dll
0x00007ffb2b690000 - 0x00007ffb2b6b7000 	C:\WINDOWS\System32\win32u.dll
0x00007ffb2d760000 - 0x00007ffb2d78a000 	C:\WINDOWS\System32\GDI32.dll
0x00007ffb2ac30000 - 0x00007ffb2ad5b000 	C:\WINDOWS\System32\gdi32full.dll
0x00007ffb2b5e0000 - 0x00007ffb2b683000 	C:\WINDOWS\System32\msvcp_win.dll
0x00007ffb15300000 - 0x00007ffb1531e000 	C:\Users\amand\.p2\pool\plugins\org.eclipse.justj.openjdk.hotspot.jre.full.win32.x86_64_23.0.1.v20241024-1700\jre\bin\VCRUNTIME140.dll
0x00007ffb19820000 - 0x00007ffb19ab0000 	C:\WINDOWS\WinSxS\amd64_microsoft.windows.common-controls_6595b64144ccf1df_6.0.26100.2454_none_3e0b68a2e331ad60\COMCTL32.dll
0x00007ffb2c5a0000 - 0x00007ffb2c649000 	C:\WINDOWS\System32\msvcrt.dll
0x00007ffb2b6c0000 - 0x00007ffb2b6ef000 	C:\WINDOWS\System32\IMM32.DLL
0x00007ffb1e8c0000 - 0x00007ffb1e8cc000 	C:\Users\amand\.p2\pool\plugins\org.eclipse.justj.openjdk.hotspot.jre.full.win32.x86_64_23.0.1.v20241024-1700\jre\bin\vcruntime140_1.dll
0x00007ffaff9d0000 - 0x00007ffaffa5d000 	C:\Users\amand\.p2\pool\plugins\org.eclipse.justj.openjdk.hotspot.jre.full.win32.x86_64_23.0.1.v20241024-1700\jre\bin\msvcp140.dll
0x00007ffab9ba0000 - 0x00007ffaba96d000 	C:\Users\amand\.p2\pool\plugins\org.eclipse.justj.openjdk.hotspot.jre.full.win32.x86_64_23.0.1.v20241024-1700\jre\bin\server\jvm.dll
0x00007ffb2c970000 - 0x00007ffb2ca24000 	C:\WINDOWS\System32\ADVAPI32.dll
0x00007ffb2c4f0000 - 0x00007ffb2c596000 	C:\WINDOWS\System32\sechost.dll
0x00007ffb2d250000 - 0x00007ffb2d366000 	C:\WINDOWS\System32\RPCRT4.dll
0x00007ffb2c8f0000 - 0x00007ffb2c964000 	C:\WINDOWS\System32\WS2_32.dll
0x00007ffb2aac0000 - 0x00007ffb2ab0e000 	C:\WINDOWS\SYSTEM32\POWRPROF.dll
0x00007ffb12940000 - 0x00007ffb12976000 	C:\WINDOWS\SYSTEM32\WINMM.dll
0x00007ffb23d00000 - 0x00007ffb23d0b000 	C:\WINDOWS\SYSTEM32\VERSION.dll
0x00007ffb2aaa0000 - 0x00007ffb2aab4000 	C:\WINDOWS\SYSTEM32\UMPDC.dll
0x00007ffb29a70000 - 0x00007ffb29a8a000 	C:\WINDOWS\SYSTEM32\kernel.appcore.dll
0x00007ffb1ff30000 - 0x00007ffb1ff3a000 	C:\Users\amand\.p2\pool\plugins\org.eclipse.justj.openjdk.hotspot.jre.full.win32.x86_64_23.0.1.v20241024-1700\jre\bin\jimage.dll
0x00007ffb28420000 - 0x00007ffb28661000 	C:\WINDOWS\SYSTEM32\DBGHELP.DLL
0x00007ffb2ca30000 - 0x00007ffb2cdae000 	C:\WINDOWS\System32\combase.dll
0x00007ffb2c6a0000 - 0x00007ffb2c776000 	C:\WINDOWS\System32\OLEAUT32.dll
0x00007ffafe030000 - 0x00007ffafe069000 	C:\WINDOWS\SYSTEM32\dbgcore.DLL
0x00007ffb2af40000 - 0x00007ffb2afd9000 	C:\WINDOWS\System32\bcryptPrimitives.dll
0x00007ffb1fea0000 - 0x00007ffb1febe000 	C:\Users\amand\.p2\pool\plugins\org.eclipse.justj.openjdk.hotspot.jre.full.win32.x86_64_23.0.1.v20241024-1700\jre\bin\java.dll
0x00007ffb2c350000 - 0x00007ffb2c4e9000 	C:\WINDOWS\System32\ole32.dll
0x00007ffb2bc20000 - 0x00007ffb2c320000 	C:\WINDOWS\System32\SHELL32.dll
0x00007ffb28980000 - 0x00007ffb291b1000 	C:\WINDOWS\SYSTEM32\windows.storage.dll
0x00007ffb2b850000 - 0x00007ffb2b92a000 	C:\WINDOWS\System32\SHCORE.dll
0x00007ffb2b700000 - 0x00007ffb2b75d000 	C:\WINDOWS\System32\shlwapi.dll
0x00007ffb2ab40000 - 0x00007ffb2ab6e000 	C:\WINDOWS\SYSTEM32\profapi.dll
0x00007ffb1fbe0000 - 0x00007ffb1fbf7000 	C:\Users\amand\.p2\pool\plugins\org.eclipse.justj.openjdk.hotspot.jre.full.win32.x86_64_23.0.1.v20241024-1700\jre\bin\zip.dll
0x00007ffac5ae0000 - 0x00007ffac5c6d000 	C:\Users\amand\.p2\pool\plugins\org.eclipse.justj.openjdk.hotspot.jre.full.win32.x86_64_23.0.1.v20241024-1700\jre\bin\awt.dll
0x00007ffb27840000 - 0x00007ffb278dc000 	C:\WINDOWS\SYSTEM32\apphelp.dll
0x00007ffb27e50000 - 0x00007ffb27e7e000 	C:\WINDOWS\system32\DWMAPI.DLL
0x00007ffb27b70000 - 0x00007ffb27c1d000 	C:\WINDOWS\system32\uxtheme.dll
0x00007ffadb590000 - 0x00007ffadb69c000 	C:\WINDOWS\system32\opengl32.dll
0x00007ffb1ec50000 - 0x00007ffb1ec7d000 	C:\WINDOWS\SYSTEM32\GLU32.dll
0x00007ffb27c50000 - 0x00007ffb27c97000 	C:\WINDOWS\SYSTEM32\dxcore.dll
0x00007ffb2b930000 - 0x00007ffb2ba8c000 	C:\WINDOWS\System32\MSCTF.dll

dbghelp: loaded successfully - version: 4.0.5 - missing functions: none
symbol engine: initialized successfully - sym options: 0x614 - pdb path: .;C:\Users\amand\.p2\pool\plugins\org.eclipse.justj.openjdk.hotspot.jre.full.win32.x86_64_23.0.1.v20241024-1700\jre\bin;C:\WINDOWS\SYSTEM32;C:\WINDOWS\WinSxS\amd64_microsoft.windows.common-controls_6595b64144ccf1df_6.0.26100.2454_none_3e0b68a2e331ad60;C:\Users\amand\.p2\pool\plugins\org.eclipse.justj.openjdk.hotspot.jre.full.win32.x86_64_23.0.1.v20241024-1700\jre\bin\server

VM Arguments:
jvm_args: -Dfile.encoding=UTF-8 -Dstdout.encoding=UTF-8 -Dstderr.encoding=UTF-8 -XX:+ShowCodeDetailsInExceptionMessages 
java_command: view.JVelha
java_class_path (initial): C:\Users\amand\eclipse-workspace\Clientes\bin
Launcher Type: SUN_STANDARD

[Global flags]
     intx CICompilerCount                          = 3                                         {product} {ergonomic}
     uint ConcGCThreads                            = 1                                         {product} {ergonomic}
     uint G1ConcRefinementThreads                  = 4                                         {product} {ergonomic}
   size_t G1HeapRegionSize                         = 1048576                                   {product} {ergonomic}
   size_t InitialHeapSize                          = 65011712                                  {product} {ergonomic}
   size_t MarkStackSize                            = 4194304                                   {product} {ergonomic}
   size_t MarkStackSizeMax                         = 536870912                                 {product} {ergonomic}
   size_t MaxHeapSize                              = 1012924416                                {product} {ergonomic}
   size_t MaxNewSize                               = 607125504                                 {product} {ergonomic}
   size_t MinHeapDeltaBytes                        = 1048576                                   {product} {ergonomic}
   size_t MinHeapSize                              = 8388608                                   {product} {ergonomic}
    uintx NonNMethodCodeHeapSize                   = 5832704                                {pd product} {ergonomic}
    uintx NonProfiledCodeHeapSize                  = 122945536                              {pd product} {ergonomic}
    uintx ProfiledCodeHeapSize                     = 122880000                              {pd product} {ergonomic}
    uintx ReservedCodeCacheSize                    = 251658240                              {pd product} {ergonomic}
     bool SegmentedCodeCache                       = true                                      {product} {ergonomic}
     bool ShowCodeDetailsInExceptionMessages       = true                                   {manageable} {command line}
   size_t SoftMaxHeapSize                          = 1012924416                             {manageable} {ergonomic}
     bool UseCompressedOops                        = true                           {product lp64_product} {ergonomic}
     bool UseG1GC                                  = true                                      {product} {ergonomic}
     bool UseLargePagesIndividualAllocation        = false                                  {pd product} {ergonomic}

Logging:
Log output configuration:
 #0: stdout all=warning uptime,level,tags foldmultilines=false
 #1: stderr all=off uptime,level,tags foldmultilines=false

Environment Variables:
PATH=C:/Users/amand/.p2/pool/plugins/org.eclipse.justj.openjdk.hotspot.jre.full.win32.x86_64_23.0.1.v20241024-1700/jre/bin/server;C:/Users/amand/.p2/pool/plugins/org.eclipse.justj.openjdk.hotspot.jre.full.win32.x86_64_23.0.1.v20241024-1700/jre/bin;C:\WINDOWS\system32;C:\WINDOWS;C:\WINDOWS\System32\Wbem;C:\WINDOWS\System32\WindowsPowerShell\v1.0\;C:\WINDOWS\System32\OpenSSH\;C:\Users\amand\AppData\Local\Programs\Python\Python312\Scripts\;C:\Users\amand\AppData\Local\Programs\Python\Python312\;C:\Users\amand\AppData\Local\Microsoft\WindowsApps;;C:\Users\amand\AppData\Local\Programs\Microsoft VS Code\bin;C:\WINDOWS\system32;
USERNAME=amand
OS=Windows_NT
PROCESSOR_IDENTIFIER=Intel64 Family 6 Model 126 Stepping 5, GenuineIntel
TMP=C:\Users\amand\AppData\Local\Temp
TEMP=C:\Users\amand\AppData\Local\Temp




Periodic native trim disabled

---------------  S Y S T E M  ---------------

OS:
 Windows 11 , 64 bit Build 26100 (10.0.26100.2454)
OS uptime: 12 days 1:56 hours

CPU: total 4 (initial active 4) (2 cores per cpu, 2 threads per core) family 6 model 126 stepping 5 microcode 0xc6, cx8, cmov, fxsr, ht, mmx, 3dnowpref, sse, sse2, sse3, ssse3, sse4.1, sse4.2, popcnt, lzcnt, tsc, tscinvbit, avx, avx2, aes, erms, clmul, bmi1, bmi2, adx, avx512f, avx512dq, avx512cd, avx512bw, avx512vl, sha, fma, vzeroupper, avx512_vpopcntdq, avx512_vpclmulqdq, avx512_vaes, avx512_vnni, clflush, clflushopt, avx512_vbmi2, avx512_vbmi, rdtscp, rdpid, fsrm, gfni, avx512_bitalg, f16c, pku, avx512_ifma
Processor Information for the first 4 processors :
  Max Mhz: 1190, Current Mhz: 1190, Mhz Limit: 1190

Memory: 4k page, system-wide physical 3862M (256M free)
TotalPageFile size 15638M (AvailPageFile size 0M)
current process WorkingSet (physical memory assigned to process): 53M, peak: 53M
current process commit charge ("private bytes"): 140M, peak: 140M

vm_info: OpenJDK 64-Bit Server VM (23.0.1+11) for windows-amd64 JRE (23.0.1+11), built on 2024-10-15T00:00:00Z with MS VC++ 17.7 (VS2022)

END.
