#
# There is insufficient memory for the Java Runtime Environment to continue.
# Native memory allocation (mmap) failed to map 65536 bytes. Error detail: Failed to commit metaspace.
# Possible reasons:
#   The system is out of physical RAM or swap space
#   This process is running with CompressedOops enabled, and the Java Heap may be blocking the growth of the native heap
# Possible solutions:
#   Reduce memory load on the system
#   Increase physical memory or swap space
#   Check if swap backing store is full
#   Decrease Java heap size (-Xmx/-Xms)
#   Decrease number of Java threads
#   Decrease Java thread stack sizes (-Xss)
#   Set larger code cache with -XX:ReservedCodeCacheSize=
#   JVM is running with Unscaled Compressed Oops mode in which the Java heap is
#     placed in the first 4GB address space. The Java Heap base address is the
#     maximum limit for the native heap growth. Please use -XX:HeapBaseMinAddress
#     to set the Java Heap base and to place the Java Heap above 4GB virtual address.
# This output file may be truncated or incomplete.
#
#  Out of Memory Error (virtualSpaceNode.cpp:113), pid=23576, tid=24148
#
# JRE version: OpenJDK Runtime Environment Temurin-23.0.1+11 (23.0.1+11) (build 23.0.1+11)
# Java VM: OpenJDK 64-Bit Server VM Temurin-23.0.1+11 (23.0.1+11, mixed mode, sharing, tiered, compressed oops, compressed class ptrs, g1 gc, windows-amd64)
# No core dump will be written. Minidumps are not enabled by default on client versions of Windows
#

---------------  S U M M A R Y ------------

Command Line: -Dfile.encoding=UTF-8 -Dstdout.encoding=UTF-8 -Dstderr.encoding=UTF-8 -XX:+ShowCodeDetailsInExceptionMessages view.JVelha

Host: Intel(R) Core(TM) i3-1005G1 CPU @ 1.20GHz, 4 cores, 3G,  Windows 11 , 64 bit Build 26100 (10.0.26100.2454)
Time: Sat Dec 28 10:40:43 2024 Hora oficial do Brasil elapsed time: 0.713618 seconds (0d 0h 0m 0s)

---------------  T H R E A D  ---------------

Current thread (0x00000163d04de3f0):  JavaThread "AWT-EventQueue-0"        [_thread_in_vm, id=24148, stack(0x00000029a2c00000,0x00000029a2d00000) (1024K)]

Stack: [0x00000029a2c00000,0x00000029a2d00000]
Native frames: (J=compiled Java code, j=interpreted, Vv=VM code, C=native code)
V  [jvm.dll+0x6e8c79]  (no source info available)
V  [jvm.dll+0x8d9253]  (no source info available)
V  [jvm.dll+0x8db6de]  (no source info available)
V  [jvm.dll+0x8dbdb3]  (no source info available)
V  [jvm.dll+0x281aa6]  (no source info available)
V  [jvm.dll+0x8d4fae]  (no source info available)
V  [jvm.dll+0x688e95]  (no source info available)
V  [jvm.dll+0x1e647c]  (no source info available)
V  [jvm.dll+0x1e624e]  (no source info available)
V  [jvm.dll+0x68b7c7]  (no source info available)
V  [jvm.dll+0x227b1c]  (no source info available)
V  [jvm.dll+0x6898ae]  (no source info available)
V  [jvm.dll+0x3c263f]  (no source info available)
V  [jvm.dll+0x20fb8b]  (no source info available)
V  [jvm.dll+0x5c4606]  (no source info available)
V  [jvm.dll+0x21f85b]  (no source info available)
V  [jvm.dll+0x84dc10]  (no source info available)
V  [jvm.dll+0x84ec76]  (no source info available)
V  [jvm.dll+0x84f284]  (no source info available)
V  [jvm.dll+0x84ef08]  (no source info available)
V  [jvm.dll+0x26ed1b]  (no source info available)
V  [jvm.dll+0x3d850e]  (no source info available)
C  0x000001638754b8e1  (no source info available)

The last pc belongs to new (printed below).
Java frames: (J=compiled Java code, j=interpreted, Vv=VM code)
j  java.awt.EventQueue.dispatchEvent(Ljava/awt/AWTEvent;)V+5 java.desktop@23.0.1
j  java.awt.EventDispatchThread.pumpOneEventForFilters(I)V+81 java.desktop@23.0.1
j  java.awt.EventDispatchThread.pumpEventsForFilter(ILjava/awt/Conditional;Ljava/awt/EventFilter;)V+35 java.desktop@23.0.1
j  java.awt.EventDispatchThread.pumpEventsForHierarchy(ILjava/awt/Conditional;Ljava/awt/Component;)V+11 java.desktop@23.0.1
j  java.awt.EventDispatchThread.pumpEvents(ILjava/awt/Conditional;)V+4 java.desktop@23.0.1
j  java.awt.EventDispatchThread.pumpEvents(Ljava/awt/Conditional;)V+3 java.desktop@23.0.1
j  java.awt.EventDispatchThread.run()V+9 java.desktop@23.0.1
v  ~StubRoutines::call_stub 0x0000016387530fcd
Lock stack of current Java thread (top to bottom):

new  187 new  [0x000001638754b740, 0x000001638754b950]  528 bytes
[MachCode]
  0x000001638754b740: 4883 ec08 | c5fa 1104 | 24eb 1f48 | 83ec 10c5 | fb11 0424 | eb14 4883 | ec10 4889 | 0424 48c7 
  0x000001638754b760: 4424 0800 | 0000 00eb | 0150 410f | b755 010f | cac1 ea10 | 488b 4de8 | 488b 4908 | 488b 4908 
  0x000001638754b780: 488b 4108 | 807c 1004 | 070f 85e0 | 0000 0066 | 8b54 d148 | 488b 4928 | 488b 4cd1 | 0851 80b9 
  0x000001638754b7a0: 3101 0000 | 040f 840d | 0000 004c | 3bb9 3801 | 0000 0f85 | b600 0000 | 8b51 08f6 | c201 0f85 
  0x000001638754b7c0: aa00 0000 | 498b 87b8 | 0100 0048 | 8d1c 1049 | 3b9f c801 | 0000 0f87 | 9200 0000 | 4989 9fb8 
  0x000001638754b7e0: 0100 0048 | 83ea 100f | 840f 0000 | 0033 c9c1 | ea03 4889 | 4cd0 0848 | ffca 75f6 | 48c7 0001 
  0x000001638754b800: 0000 0059 | 33f6 8970 | 0c49 ba00 | 0000 8f63 | 0100 0049 | 2bca 8948 | 0849 ba92 | 3186 bafa 
  0x000001638754b820: 7f00 0041 | 803a 000f | 843c 0000 | 0050 488b | c848 83ec | 2040 f6c4 | 0f0f 8419 | 0000 0048 
  0x000001638754b840: 83ec 0848 | b8c0 7e2f | bafa 7f00 | 00ff d048 | 83c4 08e9 | 0c00 0000 | 48b8 c07e | 2fba fa7f 
  0x000001638754b860: 0000 ffd0 | 4883 c420 | 58e9 cb00 | 0000 5948 | 8b55 e848 | 8b52 0848 | 8b52 0845 | 0fb7 4501 
  0x000001638754b880: 410f c841 | c1e8 10e8 | 0500 0000 | e9a8 0000 | 0048 8d44 | 2408 4c89 | 6dc0 498b | cfc5 f877 
  0x000001638754b8a0: 4989 afb0 | 0300 0049 | 8987 a003 | 0000 4883 | ec20 40f6 | c40f 0f84 | 1900 0000 | 4883 ec08 
  0x000001638754b8c0: 48b8 c084 | f7b9 fa7f | 0000 ffd0 | 4883 c408 | e90c 0000 | 0048 b8c0 | 84f7 b9fa | 7f00 00ff 
  0x000001638754b8e0: d048 83c4 | 2049 c787 | a003 0000 | 0000 0000 | 49c7 87b0 | 0300 0000 | 0000 0049 | c787 a803 
  0x000001638754b900: 0000 0000 | 0000 c5f8 | 7749 837f | 0800 0f84 | 0500 0000 | e9a7 55fe | ff49 8b87 | f803 0000 
  0x000001638754b920: 49c7 87f8 | 0300 0000 | 0000 004c | 8b6d c04c | 8b75 c84e | 8d74 f500 | c341 0fb6 | 5d03 4983 
  0x000001638754b940: c503 49ba | d0fb 89ba | fa7f 0000 | 41ff 24da 
[/MachCode]

---------------  P R O C E S S  ---------------

Threads class SMR info:
_java_thread_list=0x00000163d0470bc0, length=15, elements={
0x00000163ed94e190, 0x00000163d0132260, 0x00000163d0134280, 0x00000163d0138c20,
0x00000163d013b880, 0x00000163d013d9c0, 0x00000163d0146fa0, 0x00000163d014f8a0,
0x00000163d0169710, 0x00000163d02b65e0, 0x00000163d02beaa0, 0x00000163d0493f80,
0x00000163d0495630, 0x00000163d04a40d0, 0x00000163d04de3f0
}

Java Threads: ( => current thread )
  0x00000163ed94e190 JavaThread "main"                              [_thread_in_vm, id=15464, stack(0x00000029a1700000,0x00000029a1800000) (1024K)]
  0x00000163d0132260 JavaThread "Reference Handler"          daemon [_thread_blocked, id=4412, stack(0x00000029a1f00000,0x00000029a2000000) (1024K)]
  0x00000163d0134280 JavaThread "Finalizer"                  daemon [_thread_blocked, id=24044, stack(0x00000029a2000000,0x00000029a2100000) (1024K)]
  0x00000163d0138c20 JavaThread "Signal Dispatcher"          daemon [_thread_blocked, id=24052, stack(0x00000029a2100000,0x00000029a2200000) (1024K)]
  0x00000163d013b880 JavaThread "Attach Listener"            daemon [_thread_blocked, id=24048, stack(0x00000029a2200000,0x00000029a2300000) (1024K)]
  0x00000163d013d9c0 JavaThread "Service Thread"             daemon [_thread_blocked, id=24056, stack(0x00000029a2300000,0x00000029a2400000) (1024K)]
  0x00000163d0146fa0 JavaThread "Monitor Deflation Thread"   daemon [_thread_blocked, id=24060, stack(0x00000029a2400000,0x00000029a2500000) (1024K)]
  0x00000163d014f8a0 JavaThread "C2 CompilerThread0"         daemon [_thread_blocked, id=24068, stack(0x00000029a2500000,0x00000029a2600000) (1024K)]
  0x00000163d0169710 JavaThread "C1 CompilerThread0"         daemon [_thread_blocked, id=24064, stack(0x00000029a2600000,0x00000029a2700000) (1024K)]
  0x00000163d02b65e0 JavaThread "Notification Thread"        daemon [_thread_blocked, id=24072, stack(0x00000029a2700000,0x00000029a2800000) (1024K)]
  0x00000163d02beaa0 JavaThread "Common-Cleaner"             daemon [_thread_blocked, id=24076, stack(0x00000029a2800000,0x00000029a2900000) (1024K)]
  0x00000163d0493f80 JavaThread "Java2D Disposer"            daemon [_thread_blocked, id=24136, stack(0x00000029a2900000,0x00000029a2a00000) (1024K)]
  0x00000163d0495630 JavaThread "AWT-Shutdown"                      [_thread_blocked, id=24144, stack(0x00000029a2a00000,0x00000029a2b00000) (1024K)]
  0x00000163d04a40d0 JavaThread "AWT-Windows"                daemon [_thread_in_native, id=24140, stack(0x00000029a2b00000,0x00000029a2c00000) (1024K)]
=>0x00000163d04de3f0 JavaThread "AWT-EventQueue-0"                  [_thread_in_vm, id=24148, stack(0x00000029a2c00000,0x00000029a2d00000) (1024K)]
Total: 15

Other Threads:
  0x00000163d011dfd0 VMThread "VM Thread"                           [id=9912, stack(0x00000029a1e00000,0x00000029a1f00000) (1024K)]
  0x00000163d011b390 WatcherThread "VM Periodic Task Thread"        [id=17964, stack(0x00000029a1d00000,0x00000029a1e00000) (1024K)]
  0x00000163efdcfff0 WorkerThread "GC Thread#0"                     [id=14028, stack(0x00000029a1800000,0x00000029a1900000) (1024K)]
  0x00000163efddb740 ConcurrentGCThread "G1 Main Marker"            [id=1712, stack(0x00000029a1900000,0x00000029a1a00000) (1024K)]
  0x00000163efddc250 WorkerThread "G1 Conc#0"                       [id=17896, stack(0x00000029a1a00000,0x00000029a1b00000) (1024K)]
  0x00000163efe32830 ConcurrentGCThread "G1 Refine#0"               [id=18732, stack(0x00000029a1b00000,0x00000029a1c00000) (1024K)]
  0x00000163efe342d0 ConcurrentGCThread "G1 Service"                [id=5376, stack(0x00000029a1c00000,0x00000029a1d00000) (1024K)]
Total: 7

Threads with active compile tasks:
Total: 0

VM state: not at safepoint (normal execution)

VM Mutex/Monitor currently owned by a thread:  ([mutex/lock_event])
[0x00007ffaba889cf0] Metaspace_lock - owner thread: 0x00000163d04de3f0

Heap address: 0x00000000c3a00000, size: 966 MB, Compressed Oops mode: 32-bit

CDS archive(s) mapped at: [0x000001638f000000-0x000001638fd70000-0x000001638fd70000), size 14090240, SharedBaseAddress: 0x000001638f000000, ArchiveRelocationMode: 1.
Compressed class space mapped at: 0x0000016390000000-0x00000163d0000000, reserved size: 1073741824
Narrow klass base: 0x000001638f000000, Narrow klass shift: 0, Narrow klass range: 0x41000000

GC Precious Log:
 CardTable entry size: 512
 Card Set container configuration: InlinePtr #cards 5 size 8 Array Of Cards #cards 10 size 36 Howl #buckets 4 coarsen threshold 1843 Howl Bitmap #cards 512 size 80 coarsen threshold 460 Card regions per heap region 1 cards per card region 2048
 CPUs: 4 total, 4 available
 Memory: 3862M
 Large Page Support: Disabled
 NUMA Support: Disabled
 Compressed Oops: Enabled (32-bit)
 Heap Region Size: 1M
 Heap Min Capacity: 8M
 Heap Initial Capacity: 62M
 Heap Max Capacity: 966M
 Pre-touch: Disabled
 Parallel Workers: 4
 Concurrent Workers: 1
 Concurrent Refinement Workers: 4
 Periodic GC: Disabled

Heap:
 garbage-first heap   total reserved 989184K, committed 63488K, used 4096K [0x00000000c3a00000, 0x0000000100000000)
  region size 1024K, 5 young (5120K), 0 survivors (0K)
 Metaspace       used 4269K, committed 4416K, reserved 1114112K
  class space    used 480K, committed 512K, reserved 1048576K

Heap Regions: E=young(eden), S=young(survivor), O=old, HS=humongous(starts), HC=humongous(continues), CS=collection set, F=free, TAMS=top-at-mark-start, PB=parsable bottom
|   0|0x00000000c3a00000, 0x00000000c3a00000, 0x00000000c3b00000|  0%| F|  |TAMS 0x00000000c3a00000| PB 0x00000000c3a00000| Untracked |  0
|   1|0x00000000c3b00000, 0x00000000c3b00000, 0x00000000c3c00000|  0%| F|  |TAMS 0x00000000c3b00000| PB 0x00000000c3b00000| Untracked |  0
|   2|0x00000000c3c00000, 0x00000000c3c00000, 0x00000000c3d00000|  0%| F|  |TAMS 0x00000000c3c00000| PB 0x00000000c3c00000| Untracked |  0
|   3|0x00000000c3d00000, 0x00000000c3d00000, 0x00000000c3e00000|  0%| F|  |TAMS 0x00000000c3d00000| PB 0x00000000c3d00000| Untracked |  0
|   4|0x00000000c3e00000, 0x00000000c3e00000, 0x00000000c3f00000|  0%| F|  |TAMS 0x00000000c3e00000| PB 0x00000000c3e00000| Untracked |  0
|   5|0x00000000c3f00000, 0x00000000c3f00000, 0x00000000c4000000|  0%| F|  |TAMS 0x00000000c3f00000| PB 0x00000000c3f00000| Untracked |  0
|   6|0x00000000c4000000, 0x00000000c4000000, 0x00000000c4100000|  0%| F|  |TAMS 0x00000000c4000000| PB 0x00000000c4000000| Untracked |  0
|   7|0x00000000c4100000, 0x00000000c4100000, 0x00000000c4200000|  0%| F|  |TAMS 0x00000000c4100000| PB 0x00000000c4100000| Untracked |  0
|   8|0x00000000c4200000, 0x00000000c4200000, 0x00000000c4300000|  0%| F|  |TAMS 0x00000000c4200000| PB 0x00000000c4200000| Untracked |  0
|   9|0x00000000c4300000, 0x00000000c4300000, 0x00000000c4400000|  0%| F|  |TAMS 0x00000000c4300000| PB 0x00000000c4300000| Untracked |  0
|  10|0x00000000c4400000, 0x00000000c4400000, 0x00000000c4500000|  0%| F|  |TAMS 0x00000000c4400000| PB 0x00000000c4400000| Untracked |  0
|  11|0x00000000c4500000, 0x00000000c4500000, 0x00000000c4600000|  0%| F|  |TAMS 0x00000000c4500000| PB 0x00000000c4500000| Untracked |  0
|  12|0x00000000c4600000, 0x00000000c4600000, 0x00000000c4700000|  0%| F|  |TAMS 0x00000000c4600000| PB 0x00000000c4600000| Untracked |  0
|  13|0x00000000c4700000, 0x00000000c4700000, 0x00000000c4800000|  0%| F|  |TAMS 0x00000000c4700000| PB 0x00000000c4700000| Untracked |  0
|  14|0x00000000c4800000, 0x00000000c4800000, 0x00000000c4900000|  0%| F|  |TAMS 0x00000000c4800000| PB 0x00000000c4800000| Untracked |  0
|  15|0x00000000c4900000, 0x00000000c4900000, 0x00000000c4a00000|  0%| F|  |TAMS 0x00000000c4900000| PB 0x00000000c4900000| Untracked |  0
|  16|0x00000000c4a00000, 0x00000000c4a00000, 0x00000000c4b00000|  0%| F|  |TAMS 0x00000000c4a00000| PB 0x00000000c4a00000| Untracked |  0
|  17|0x00000000c4b00000, 0x00000000c4b00000, 0x00000000c4c00000|  0%| F|  |TAMS 0x00000000c4b00000| PB 0x00000000c4b00000| Untracked |  0
|  18|0x00000000c4c00000, 0x00000000c4c00000, 0x00000000c4d00000|  0%| F|  |TAMS 0x00000000c4c00000| PB 0x00000000c4c00000| Untracked |  0
|  19|0x00000000c4d00000, 0x00000000c4d00000, 0x00000000c4e00000|  0%| F|  |TAMS 0x00000000c4d00000| PB 0x00000000c4d00000| Untracked |  0
|  20|0x00000000c4e00000, 0x00000000c4e00000, 0x00000000c4f00000|  0%| F|  |TAMS 0x00000000c4e00000| PB 0x00000000c4e00000| Untracked |  0
|  21|0x00000000c4f00000, 0x00000000c4f00000, 0x00000000c5000000|  0%| F|  |TAMS 0x00000000c4f00000| PB 0x00000000c4f00000| Untracked |  0
|  22|0x00000000c5000000, 0x00000000c5000000, 0x00000000c5100000|  0%| F|  |TAMS 0x00000000c5000000| PB 0x00000000c5000000| Untracked |  0
|  23|0x00000000c5100000, 0x00000000c5100000, 0x00000000c5200000|  0%| F|  |TAMS 0x00000000c5100000| PB 0x00000000c5100000| Untracked |  0
|  24|0x00000000c5200000, 0x00000000c5200000, 0x00000000c5300000|  0%| F|  |TAMS 0x00000000c5200000| PB 0x00000000c5200000| Untracked |  0
|  25|0x00000000c5300000, 0x00000000c5300000, 0x00000000c5400000|  0%| F|  |TAMS 0x00000000c5300000| PB 0x00000000c5300000| Untracked |  0
|  26|0x00000000c5400000, 0x00000000c5400000, 0x00000000c5500000|  0%| F|  |TAMS 0x00000000c5400000| PB 0x00000000c5400000| Untracked |  0
|  27|0x00000000c5500000, 0x00000000c5500000, 0x00000000c5600000|  0%| F|  |TAMS 0x00000000c5500000| PB 0x00000000c5500000| Untracked |  0
|  28|0x00000000c5600000, 0x00000000c5600000, 0x00000000c5700000|  0%| F|  |TAMS 0x00000000c5600000| PB 0x00000000c5600000| Untracked |  0
|  29|0x00000000c5700000, 0x00000000c5700000, 0x00000000c5800000|  0%| F|  |TAMS 0x00000000c5700000| PB 0x00000000c5700000| Untracked |  0
|  30|0x00000000c5800000, 0x00000000c5800000, 0x00000000c5900000|  0%| F|  |TAMS 0x00000000c5800000| PB 0x00000000c5800000| Untracked |  0
|  31|0x00000000c5900000, 0x00000000c5900000, 0x00000000c5a00000|  0%| F|  |TAMS 0x00000000c5900000| PB 0x00000000c5900000| Untracked |  0
|  32|0x00000000c5a00000, 0x00000000c5a00000, 0x00000000c5b00000|  0%| F|  |TAMS 0x00000000c5a00000| PB 0x00000000c5a00000| Untracked |  0
|  33|0x00000000c5b00000, 0x00000000c5b00000, 0x00000000c5c00000|  0%| F|  |TAMS 0x00000000c5b00000| PB 0x00000000c5b00000| Untracked |  0
|  34|0x00000000c5c00000, 0x00000000c5c00000, 0x00000000c5d00000|  0%| F|  |TAMS 0x00000000c5c00000| PB 0x00000000c5c00000| Untracked |  0
|  35|0x00000000c5d00000, 0x00000000c5d00000, 0x00000000c5e00000|  0%| F|  |TAMS 0x00000000c5d00000| PB 0x00000000c5d00000| Untracked |  0
|  36|0x00000000c5e00000, 0x00000000c5e00000, 0x00000000c5f00000|  0%| F|  |TAMS 0x00000000c5e00000| PB 0x00000000c5e00000| Untracked |  0
|  37|0x00000000c5f00000, 0x00000000c5f00000, 0x00000000c6000000|  0%| F|  |TAMS 0x00000000c5f00000| PB 0x00000000c5f00000| Untracked |  0
|  38|0x00000000c6000000, 0x00000000c6000000, 0x00000000c6100000|  0%| F|  |TAMS 0x00000000c6000000| PB 0x00000000c6000000| Untracked |  0
|  39|0x00000000c6100000, 0x00000000c6100000, 0x00000000c6200000|  0%| F|  |TAMS 0x00000000c6100000| PB 0x00000000c6100000| Untracked |  0
|  40|0x00000000c6200000, 0x00000000c6200000, 0x00000000c6300000|  0%| F|  |TAMS 0x00000000c6200000| PB 0x00000000c6200000| Untracked |  0
|  41|0x00000000c6300000, 0x00000000c6300000, 0x00000000c6400000|  0%| F|  |TAMS 0x00000000c6300000| PB 0x00000000c6300000| Untracked |  0
|  42|0x00000000c6400000, 0x00000000c6400000, 0x00000000c6500000|  0%| F|  |TAMS 0x00000000c6400000| PB 0x00000000c6400000| Untracked |  0
|  43|0x00000000c6500000, 0x00000000c6500000, 0x00000000c6600000|  0%| F|  |TAMS 0x00000000c6500000| PB 0x00000000c6500000| Untracked |  0
|  44|0x00000000c6600000, 0x00000000c6600000, 0x00000000c6700000|  0%| F|  |TAMS 0x00000000c6600000| PB 0x00000000c6600000| Untracked |  0
|  45|0x00000000c6700000, 0x00000000c6700000, 0x00000000c6800000|  0%| F|  |TAMS 0x00000000c6700000| PB 0x00000000c6700000| Untracked |  0
|  46|0x00000000c6800000, 0x00000000c6800000, 0x00000000c6900000|  0%| F|  |TAMS 0x00000000c6800000| PB 0x00000000c6800000| Untracked |  0
|  47|0x00000000c6900000, 0x00000000c6900000, 0x00000000c6a00000|  0%| F|  |TAMS 0x00000000c6900000| PB 0x00000000c6900000| Untracked |  0
|  48|0x00000000c6a00000, 0x00000000c6a00000, 0x00000000c6b00000|  0%| F|  |TAMS 0x00000000c6a00000| PB 0x00000000c6a00000| Untracked |  0
|  49|0x00000000c6b00000, 0x00000000c6b00000, 0x00000000c6c00000|  0%| F|  |TAMS 0x00000000c6b00000| PB 0x00000000c6b00000| Untracked |  0
|  50|0x00000000c6c00000, 0x00000000c6c00000, 0x00000000c6d00000|  0%| F|  |TAMS 0x00000000c6c00000| PB 0x00000000c6c00000| Untracked |  0
|  51|0x00000000c6d00000, 0x00000000c6d00000, 0x00000000c6e00000|  0%| F|  |TAMS 0x00000000c6d00000| PB 0x00000000c6d00000| Untracked |  0
|  52|0x00000000c6e00000, 0x00000000c6e00000, 0x00000000c6f00000|  0%| F|  |TAMS 0x00000000c6e00000| PB 0x00000000c6e00000| Untracked |  0
|  53|0x00000000c6f00000, 0x00000000c6f00000, 0x00000000c7000000|  0%| F|  |TAMS 0x00000000c6f00000| PB 0x00000000c6f00000| Untracked |  0
|  54|0x00000000c7000000, 0x00000000c7000000, 0x00000000c7100000|  0%| F|  |TAMS 0x00000000c7000000| PB 0x00000000c7000000| Untracked |  0
|  55|0x00000000c7100000, 0x00000000c7100000, 0x00000000c7200000|  0%| F|  |TAMS 0x00000000c7100000| PB 0x00000000c7100000| Untracked |  0
|  56|0x00000000c7200000, 0x00000000c7200000, 0x00000000c7300000|  0%| F|  |TAMS 0x00000000c7200000| PB 0x00000000c7200000| Untracked |  0
|  57|0x00000000c7300000, 0x00000000c73d7178, 0x00000000c7400000| 84%| E|  |TAMS 0x00000000c7300000| PB 0x00000000c7300000| Complete |  0
|  58|0x00000000c7400000, 0x00000000c7500000, 0x00000000c7500000|100%| E|CS|TAMS 0x00000000c7400000| PB 0x00000000c7400000| Complete |  0
|  59|0x00000000c7500000, 0x00000000c7600000, 0x00000000c7600000|100%| E|CS|TAMS 0x00000000c7500000| PB 0x00000000c7500000| Complete |  0
|  60|0x00000000c7600000, 0x00000000c7700000, 0x00000000c7700000|100%| E|CS|TAMS 0x00000000c7600000| PB 0x00000000c7600000| Complete |  0
|  61|0x00000000c7700000, 0x00000000c7800000, 0x00000000c7800000|100%| E|CS|TAMS 0x00000000c7700000| PB 0x00000000c7700000| Complete |  0

Card table byte_map: [0x00000163f3e30000,0x00000163f4020000] _byte_map_base: 0x00000163f3813000

Marking Bits: (CMBitMap*) 0x00000163efdd0700
 Bits: [0x00000163f4020000, 0x00000163f4f38000)

Polling page: 0x00000163edbd0000

Metaspace:

Usage:
  Non-class:      3.70 MB used.
      Class:    480.00 KB used.
       Both:      4.17 MB used.

Virtual space:
  Non-class space:       64.00 MB reserved,       3.81 MB (  6%) committed,  1 nodes.
      Class space:        1.00 GB reserved,     512.00 KB ( <1%) committed,  1 nodes.
             Both:        1.06 GB reserved,       4.31 MB ( <1%) committed. 

Chunk freelists:
   Non-Class:  11.89 MB
       Class:  15.25 MB
        Both:  27.14 MB

MaxMetaspaceSize: unlimited
CompressedClassSpaceSize: 1.00 GB
Initial GC threshold: 21.00 MB
Current GC threshold: 21.00 MB
CDS: on
 - commit_granule_bytes: 65536.
 - commit_granule_words: 8192.
 - virtual_space_node_default_size: 8388608.
 - enlarge_chunks_in_place: 1.
 - use_allocation_guard: 0.


Internal statistics:

num_allocs_failed_limit: 0.
num_arena_births: 114.
num_arena_deaths: 0.
num_vsnodes_births: 2.
num_vsnodes_deaths: 0.
num_space_committed: 69.
num_space_uncommitted: 0.
num_chunks_returned_to_freelist: 0.
num_chunks_taken_from_freelist: 134.
num_chunk_merges: 0.
num_chunk_splits: 84.
num_chunks_enlarged: 35.
num_inconsistent_stats: 0.

CodeHeap 'non-profiled nmethods': size=120064Kb used=151Kb max_used=151Kb free=119912Kb
 bounds [0x0000016387ac0000, 0x0000016387d30000, 0x000001638f000000]
CodeHeap 'profiled nmethods': size=120000Kb used=543Kb max_used=543Kb free=119456Kb
 bounds [0x0000016380000000, 0x0000016380270000, 0x0000016387530000]
CodeHeap 'non-nmethods': size=5696Kb used=1506Kb max_used=1507Kb free=4189Kb
 bounds [0x0000016387530000, 0x00000163877a0000, 0x0000016387ac0000]
CodeCache: size=245760Kb, used=2200Kb, max_used=2201Kb, free=243557Kb
 total_blobs=998, nmethods=500, adapters=404, full_count=0
Compilation: enabled, stopped_count=0, restarted_count=0

Compilation events (20 events):
Event: 0.564 Thread 0x00000163d0169710  490       3       java.lang.ref.Reference::<init> (7 bytes)
Event: 0.564 Thread 0x00000163d0169710 nmethod 490 0x0000016380084a08 code [0x0000016380084b40, 0x0000016380084df0]
Event: 0.564 Thread 0x00000163d0169710  491       3       sun.util.logging.PlatformLogger::isLoggable (23 bytes)
Event: 0.565 Thread 0x00000163d0169710 nmethod 491 0x0000016380084e88 code [0x0000016380084fc0, 0x0000016380085298]
Event: 0.565 Thread 0x00000163d0169710  492       3       jdk.internal.logger.AbstractLoggerWrapper::isLoggable (26 bytes)
Event: 0.565 Thread 0x00000163d0169710 nmethod 492 0x0000016380085308 code [0x0000016380085480, 0x0000016380085a18]
Event: 0.565 Thread 0x00000163d0169710  493       3       jdk.internal.logger.LazyLoggers$LazyLoggerWrapper::platformProxy (10 bytes)
Event: 0.565 Thread 0x00000163d0169710 nmethod 493 0x0000016380085a88 code [0x0000016380085bc0, 0x0000016380085d58]
Event: 0.567 Thread 0x00000163d0169710  494       3       java.util.HashSet::add (20 bytes)
Event: 0.567 Thread 0x00000163d0169710 nmethod 494 0x0000016380085d88 code [0x0000016380085ec0, 0x00000163800860e8]
Event: 0.567 Thread 0x00000163d0169710  495       3       java.lang.Integer::hashCode (8 bytes)
Event: 0.567 Thread 0x00000163d0169710 nmethod 495 0x0000016380086108 code [0x0000016380086220, 0x0000016380086388]
Event: 0.567 Thread 0x00000163d0169710  496       3       java.lang.Integer::hashCode (2 bytes)
Event: 0.567 Thread 0x00000163d0169710 nmethod 496 0x0000016380086408 code [0x0000016380086520, 0x0000016380086610]
Event: 0.567 Thread 0x00000163d0169710  497       3       java.lang.CharacterData::of (136 bytes)
Event: 0.567 Thread 0x00000163d0169710 nmethod 497 0x0000016380086708 code [0x00000163800868c0, 0x00000163800871d8]
Event: 0.567 Thread 0x00000163d0169710  498       1       java.lang.Integer::intValue (5 bytes)
Event: 0.567 Thread 0x00000163d0169710 nmethod 498 0x0000016387ae5808 code [0x0000016387ae5920, 0x0000016387ae59e8]
Event: 0.590 Thread 0x00000163d0169710  500   !   3       sun.awt.AppContext::get (123 bytes)
Event: 0.590 Thread 0x00000163d0169710 nmethod 500 0x0000016380087208 code [0x00000163800873a0, 0x0000016380087eb0]

GC Heap History (0 events):
No events

Dll operation events (4 events):
Event: 0.020 Loaded shared library C:\Users\amand\.p2\pool\plugins\org.eclipse.justj.openjdk.hotspot.jre.full.win32.x86_64_23.0.1.v20241024-1700\jre\bin\java.dll
Event: 0.121 Loaded shared library C:\Users\amand\.p2\pool\plugins\org.eclipse.justj.openjdk.hotspot.jre.full.win32.x86_64_23.0.1.v20241024-1700\jre\bin\zip.dll
Event: 0.217 Loaded shared library C:\Users\amand\.p2\pool\plugins\org.eclipse.justj.openjdk.hotspot.jre.full.win32.x86_64_23.0.1.v20241024-1700\jre\bin\jimage.dll
Event: 0.255 Loaded shared library C:\Users\amand\.p2\pool\plugins\org.eclipse.justj.openjdk.hotspot.jre.full.win32.x86_64_23.0.1.v20241024-1700\jre\bin\awt.dll

Deoptimization events (0 events):
No events

Classes loaded (20 events):
Event: 0.589 Loading class java/awt/event/WindowEvent
Event: 0.589 Loading class java/awt/EventFilter
Event: 0.589 Loading class java/awt/EventFilter done
Event: 0.589 Loading class java/awt/event/WindowEvent done
Event: 0.589 Loading class java/awt/EventDispatchThread$HierarchyEventFilter done
Event: 0.589 Loading class java/awt/ModalEventFilter
Event: 0.590 Loading class java/awt/ModalEventFilter done
Event: 0.590 Loading class java/awt/event/PaintEvent
Event: 0.590 Loading class java/awt/event/PaintEvent done
Event: 0.590 Loading class java/awt/event/MouseEvent
Event: 0.590 Loading class java/awt/event/MouseEvent done
Event: 0.590 Loading class java/awt/EventFilter$FilterAction
Event: 0.590 Loading class java/awt/EventFilter$FilterAction done
Event: 0.590 Loading class sun/awt/dnd/SunDragSourceContextPeer
Event: 0.590 Loading class java/awt/dnd/peer/DragSourceContextPeer
Event: 0.590 Loading class java/awt/dnd/peer/DragSourceContextPeer done
Event: 0.590 Loading class sun/awt/dnd/SunDragSourceContextPeer done
Event: 0.710 Loading class sun/java2d/ScreenUpdateManager
Event: 0.711 Loading class java/awt/EventQueue$4
Event: 0.711 Loading class sun/java2d/ScreenUpdateManager done

Classes unloaded (0 events):
No events

Classes redefined (0 events):
No events

Internal exceptions (9 events):
Event: 0.236 Thread 0x00000163ed94e190 Exception <a 'java/lang/ClassNotFoundException'{0x00000000c76a5038}: sun/awt/resources/spi/awtProvider> (0x00000000c76a5038) 
thrown [s\src\hotspot\share\classfile\systemDictionary.cpp, line 313]
Event: 0.276 Thread 0x00000163ed94e190 Exception <a 'java/io/FileNotFoundException'{0x00000000c76fa4e0}> (0x00000000c76fa4e0) 
thrown [s\src\hotspot\share\prims\jni.cpp, line 520]
Event: 0.285 Thread 0x00000163ed94e190 Exception <a 'java/io/FileNotFoundException'{0x00000000c7528b08}> (0x00000000c7528b08) 
thrown [s\src\hotspot\share\prims\jni.cpp, line 520]
Event: 0.503 Thread 0x00000163ed94e190 Exception <a 'java/lang/NoSuchMethodError'{0x00000000c75c6d28}: 'void java.lang.invoke.DirectMethodHandle$Holder.invokeSpecial(java.lang.Object, java.lang.Object, java.lang.Object)'> (0x00000000c75c6d28) 
thrown [s\src\hotspot\share\interpreter\linkResolver.cpp, line 796]
Event: 0.519 Thread 0x00000163ed94e190 Exception <a 'java/lang/NoSuchMethodError'{0x00000000c74871b0}: 'java.lang.Object java.lang.invoke.DirectMethodHandle$Holder.invokeStatic(java.lang.Object, int, java.lang.Object)'> (0x00000000c74871b0) 
thrown [s\src\hotspot\share\interpreter\linkResolver.cpp, line 796]
Event: 0.546 Thread 0x00000163ed94e190 Exception <a 'java/lang/ClassNotFoundException'{0x00000000c7329f60}: com/sun/swing/internal/plaf/metal/resources/spi/metalProvider> (0x00000000c7329f60) 
thrown [s\src\hotspot\share\classfile\systemDictionary.cpp, line 313]
Event: 0.547 Thread 0x00000163ed94e190 Exception <a 'java/lang/ClassNotFoundException'{0x00000000c732ec18}: com/sun/swing/internal/plaf/basic/resources/spi/basicProvider> (0x00000000c732ec18) 
thrown [s\src\hotspot\share\classfile\systemDictionary.cpp, line 313]
Event: 0.563 Thread 0x00000163ed94e190 Exception <a 'java/lang/NoSuchMethodError'{0x00000000c7352000}: 'int java.lang.invoke.Invokers$Holder.invokeExact_MT(java.lang.Object, java.lang.Object)'> (0x00000000c7352000) 
thrown [s\src\hotspot\share\interpreter\linkResolver.cpp, line 796]
Event: 0.586 Thread 0x00000163d04a40d0 Exception <a 'java/lang/NoSuchMethodError'{0x00000000c740e6f8}: 'void java.lang.invoke.DirectMethodHandle$Holder.invokeVirtual(java.lang.Object, java.lang.Object)'> (0x00000000c740e6f8) 
thrown [s\src\hotspot\share\interpreter\linkResolver.cpp, line 796]

VM Operations (2 events):
Event: 0.545 Executing VM operation: HandshakeAllThreads (Deoptimize)
Event: 0.545 Executing VM operation: HandshakeAllThreads (Deoptimize) done

Memory protections (0 events):
No events

Nmethod flushes (0 events):
No events

Events (15 events):
Event: 0.049 Thread 0x00000163ed94e190 Thread added: 0x00000163ed94e190
Event: 0.071 Thread 0x00000163ed94e190 Thread added: 0x00000163d0132260
Event: 0.071 Thread 0x00000163ed94e190 Thread added: 0x00000163d0134280
Event: 0.072 Thread 0x00000163ed94e190 Thread added: 0x00000163d0138c20
Event: 0.072 Thread 0x00000163ed94e190 Thread added: 0x00000163d013b880
Event: 0.072 Thread 0x00000163ed94e190 Thread added: 0x00000163d013d9c0
Event: 0.072 Thread 0x00000163ed94e190 Thread added: 0x00000163d0146fa0
Event: 0.072 Thread 0x00000163ed94e190 Thread added: 0x00000163d014f8a0
Event: 0.073 Thread 0x00000163ed94e190 Thread added: 0x00000163d0169710
Event: 0.119 Thread 0x00000163ed94e190 Thread added: 0x00000163d02b65e0
Event: 0.124 Thread 0x00000163ed94e190 Thread added: 0x00000163d02beaa0
Event: 0.421 Thread 0x00000163ed94e190 Thread added: 0x00000163d0493f80
Event: 0.425 Thread 0x00000163ed94e190 Thread added: 0x00000163d0495630
Event: 0.434 Thread 0x00000163ed94e190 Thread added: 0x00000163d04a40d0
Event: 0.589 Thread 0x00000163d04a40d0 Thread added: 0x00000163d04de3f0


Dynamic libraries:
0x00007ff71a740000 - 0x00007ff71a74e000 	C:\Users\amand\.p2\pool\plugins\org.eclipse.justj.openjdk.hotspot.jre.full.win32.x86_64_23.0.1.v20241024-1700\jre\bin\javaw.exe
0x00007ffb2d860000 - 0x00007ffb2dac3000 	C:\WINDOWS\SYSTEM32\ntdll.dll
0x00007ffb2bb50000 - 0x00007ffb2bc18000 	C:\WINDOWS\System32\KERNEL32.DLL
0x00007ffb2b160000 - 0x00007ffb2b512000 	C:\WINDOWS\System32\KERNELBASE.dll
0x00007ffb2ad60000 - 0x00007ffb2aeab000 	C:\WINDOWS\System32\ucrtbase.dll
0x00007ffb17380000 - 0x00007ffb17397000 	C:\Users\amand\.p2\pool\plugins\org.eclipse.justj.openjdk.hotspot.jre.full.win32.x86_64_23.0.1.v20241024-1700\jre\bin\jli.dll
0x00007ffb2d370000 - 0x00007ffb2d538000 	C:\WINDOWS\System32\USER32.dll
0x00007ffb2b690000 - 0x00007ffb2b6b7000 	C:\WINDOWS\System32\win32u.dll
0x00007ffb2d760000 - 0x00007ffb2d78a000 	C:\WINDOWS\System32\GDI32.dll
0x00007ffb2ac30000 - 0x00007ffb2ad5b000 	C:\WINDOWS\System32\gdi32full.dll
0x00007ffb2b5e0000 - 0x00007ffb2b683000 	C:\WINDOWS\System32\msvcp_win.dll
0x00007ffb19820000 - 0x00007ffb19ab0000 	C:\WINDOWS\WinSxS\amd64_microsoft.windows.common-controls_6595b64144ccf1df_6.0.26100.2454_none_3e0b68a2e331ad60\COMCTL32.dll
0x00007ffb2c5a0000 - 0x00007ffb2c649000 	C:\WINDOWS\System32\msvcrt.dll
0x00007ffb15300000 - 0x00007ffb1531e000 	C:\Users\amand\.p2\pool\plugins\org.eclipse.justj.openjdk.hotspot.jre.full.win32.x86_64_23.0.1.v20241024-1700\jre\bin\VCRUNTIME140.dll
0x00007ffb2b6c0000 - 0x00007ffb2b6ef000 	C:\WINDOWS\System32\IMM32.DLL
0x00007ffb1e8c0000 - 0x00007ffb1e8cc000 	C:\Users\amand\.p2\pool\plugins\org.eclipse.justj.openjdk.hotspot.jre.full.win32.x86_64_23.0.1.v20241024-1700\jre\bin\vcruntime140_1.dll
0x00007ffaff9d0000 - 0x00007ffaffa5d000 	C:\Users\amand\.p2\pool\plugins\org.eclipse.justj.openjdk.hotspot.jre.full.win32.x86_64_23.0.1.v20241024-1700\jre\bin\msvcp140.dll
0x00007ffab9ba0000 - 0x00007ffaba96d000 	C:\Users\amand\.p2\pool\plugins\org.eclipse.justj.openjdk.hotspot.jre.full.win32.x86_64_23.0.1.v20241024-1700\jre\bin\server\jvm.dll
0x00007ffb2c970000 - 0x00007ffb2ca24000 	C:\WINDOWS\System32\ADVAPI32.dll
0x00007ffb2c4f0000 - 0x00007ffb2c596000 	C:\WINDOWS\System32\sechost.dll
0x00007ffb2d250000 - 0x00007ffb2d366000 	C:\WINDOWS\System32\RPCRT4.dll
0x00007ffb2c8f0000 - 0x00007ffb2c964000 	C:\WINDOWS\System32\WS2_32.dll
0x00007ffb2aac0000 - 0x00007ffb2ab0e000 	C:\WINDOWS\SYSTEM32\POWRPROF.dll
0x00007ffb12940000 - 0x00007ffb12976000 	C:\WINDOWS\SYSTEM32\WINMM.dll
0x00007ffb23d00000 - 0x00007ffb23d0b000 	C:\WINDOWS\SYSTEM32\VERSION.dll
0x00007ffb2aaa0000 - 0x00007ffb2aab4000 	C:\WINDOWS\SYSTEM32\UMPDC.dll
0x00007ffb29a70000 - 0x00007ffb29a8a000 	C:\WINDOWS\SYSTEM32\kernel.appcore.dll
0x00007ffb1ff30000 - 0x00007ffb1ff3a000 	C:\Users\amand\.p2\pool\plugins\org.eclipse.justj.openjdk.hotspot.jre.full.win32.x86_64_23.0.1.v20241024-1700\jre\bin\jimage.dll
0x00007ffb28420000 - 0x00007ffb28661000 	C:\WINDOWS\SYSTEM32\DBGHELP.DLL
0x00007ffb2ca30000 - 0x00007ffb2cdae000 	C:\WINDOWS\System32\combase.dll
0x00007ffb2c6a0000 - 0x00007ffb2c776000 	C:\WINDOWS\System32\OLEAUT32.dll
0x00007ffafe030000 - 0x00007ffafe069000 	C:\WINDOWS\SYSTEM32\dbgcore.DLL
0x00007ffb2af40000 - 0x00007ffb2afd9000 	C:\WINDOWS\System32\bcryptPrimitives.dll
0x00007ffb1fea0000 - 0x00007ffb1febe000 	C:\Users\amand\.p2\pool\plugins\org.eclipse.justj.openjdk.hotspot.jre.full.win32.x86_64_23.0.1.v20241024-1700\jre\bin\java.dll
0x00007ffb2c350000 - 0x00007ffb2c4e9000 	C:\WINDOWS\System32\ole32.dll
0x00007ffb2bc20000 - 0x00007ffb2c320000 	C:\WINDOWS\System32\SHELL32.dll
0x00007ffb28980000 - 0x00007ffb291b1000 	C:\WINDOWS\SYSTEM32\windows.storage.dll
0x00007ffb2b850000 - 0x00007ffb2b92a000 	C:\WINDOWS\System32\SHCORE.dll
0x00007ffb2b700000 - 0x00007ffb2b75d000 	C:\WINDOWS\System32\shlwapi.dll
0x00007ffb2ab40000 - 0x00007ffb2ab6e000 	C:\WINDOWS\SYSTEM32\profapi.dll
0x00007ffb1fbe0000 - 0x00007ffb1fbf7000 	C:\Users\amand\.p2\pool\plugins\org.eclipse.justj.openjdk.hotspot.jre.full.win32.x86_64_23.0.1.v20241024-1700\jre\bin\zip.dll
0x00007ffac5ae0000 - 0x00007ffac5c6d000 	C:\Users\amand\.p2\pool\plugins\org.eclipse.justj.openjdk.hotspot.jre.full.win32.x86_64_23.0.1.v20241024-1700\jre\bin\awt.dll
0x00007ffb27840000 - 0x00007ffb278dc000 	C:\WINDOWS\SYSTEM32\apphelp.dll
0x00007ffb27e50000 - 0x00007ffb27e7e000 	C:\WINDOWS\system32\DWMAPI.DLL
0x00007ffb27b70000 - 0x00007ffb27c1d000 	C:\WINDOWS\system32\uxtheme.dll
0x00007ffadb590000 - 0x00007ffadb69c000 	C:\WINDOWS\system32\opengl32.dll
0x00007ffb1ec50000 - 0x00007ffb1ec7d000 	C:\WINDOWS\SYSTEM32\GLU32.dll
0x00007ffb27c50000 - 0x00007ffb27c97000 	C:\WINDOWS\SYSTEM32\dxcore.dll
0x00007ffb2b930000 - 0x00007ffb2ba8c000 	C:\WINDOWS\System32\MSCTF.dll

dbghelp: loaded successfully - version: 4.0.5 - missing functions: none
symbol engine: initialized successfully - sym options: 0x614 - pdb path: .;C:\Users\amand\.p2\pool\plugins\org.eclipse.justj.openjdk.hotspot.jre.full.win32.x86_64_23.0.1.v20241024-1700\jre\bin;C:\WINDOWS\SYSTEM32;C:\WINDOWS\WinSxS\amd64_microsoft.windows.common-controls_6595b64144ccf1df_6.0.26100.2454_none_3e0b68a2e331ad60;C:\Users\amand\.p2\pool\plugins\org.eclipse.justj.openjdk.hotspot.jre.full.win32.x86_64_23.0.1.v20241024-1700\jre\bin\server

VM Arguments:
jvm_args: -Dfile.encoding=UTF-8 -Dstdout.encoding=UTF-8 -Dstderr.encoding=UTF-8 -XX:+ShowCodeDetailsInExceptionMessages 
java_command: view.JVelha
java_class_path (initial): C:\Users\amand\eclipse-workspace\Clientes\bin
Launcher Type: SUN_STANDARD

[Global flags]
     intx CICompilerCount                          = 3                                         {product} {ergonomic}
     uint ConcGCThreads                            = 1                                         {product} {ergonomic}
     uint G1ConcRefinementThreads                  = 4                                         {product} {ergonomic}
   size_t G1HeapRegionSize                         = 1048576                                   {product} {ergonomic}
   size_t InitialHeapSize                          = 65011712                                  {product} {ergonomic}
   size_t MarkStackSize                            = 4194304                                   {product} {ergonomic}
   size_t MarkStackSizeMax                         = 536870912                                 {product} {ergonomic}
   size_t MaxHeapSize                              = 1012924416                                {product} {ergonomic}
   size_t MaxNewSize                               = 607125504                                 {product} {ergonomic}
   size_t MinHeapDeltaBytes                        = 1048576                                   {product} {ergonomic}
   size_t MinHeapSize                              = 8388608                                   {product} {ergonomic}
    uintx NonNMethodCodeHeapSize                   = 5832704                                {pd product} {ergonomic}
    uintx NonProfiledCodeHeapSize                  = 122945536                              {pd product} {ergonomic}
    uintx ProfiledCodeHeapSize                     = 122880000                              {pd product} {ergonomic}
    uintx ReservedCodeCacheSize                    = 251658240                              {pd product} {ergonomic}
     bool SegmentedCodeCache                       = true                                      {product} {ergonomic}
     bool ShowCodeDetailsInExceptionMessages       = true                                   {manageable} {command line}
   size_t SoftMaxHeapSize                          = 1012924416                             {manageable} {ergonomic}
     bool UseCompressedOops                        = true                           {product lp64_product} {ergonomic}
     bool UseG1GC                                  = true                                      {product} {ergonomic}
     bool UseLargePagesIndividualAllocation        = false                                  {pd product} {ergonomic}

Logging:
Log output configuration:
 #0: stdout all=warning uptime,level,tags foldmultilines=false
 #1: stderr all=off uptime,level,tags foldmultilines=false

Environment Variables:
PATH=C:/Users/amand/.p2/pool/plugins/org.eclipse.justj.openjdk.hotspot.jre.full.win32.x86_64_23.0.1.v20241024-1700/jre/bin/server;C:/Users/amand/.p2/pool/plugins/org.eclipse.justj.openjdk.hotspot.jre.full.win32.x86_64_23.0.1.v20241024-1700/jre/bin;C:\WINDOWS\system32;C:\WINDOWS;C:\WINDOWS\System32\Wbem;C:\WINDOWS\System32\WindowsPowerShell\v1.0\;C:\WINDOWS\System32\OpenSSH\;C:\Users\amand\AppData\Local\Programs\Python\Python312\Scripts\;C:\Users\amand\AppData\Local\Programs\Python\Python312\;C:\Users\amand\AppData\Local\Microsoft\WindowsApps;;C:\Users\amand\AppData\Local\Programs\Microsoft VS Code\bin;C:\WINDOWS\system32;
USERNAME=amand
OS=Windows_NT
PROCESSOR_IDENTIFIER=Intel64 Family 6 Model 126 Stepping 5, GenuineIntel
TMP=C:\Users\amand\AppData\Local\Temp
TEMP=C:\Users\amand\AppData\Local\Temp




Periodic native trim disabled

---------------  S Y S T E M  ---------------

OS:
 Windows 11 , 64 bit Build 26100 (10.0.26100.2454)
OS uptime: 12 days 1:56 hours

CPU: total 4 (initial active 4) (2 cores per cpu, 2 threads per core) family 6 model 126 stepping 5 microcode 0xc6, cx8, cmov, fxsr, ht, mmx, 3dnowpref, sse, sse2, sse3, ssse3, sse4.1, sse4.2, popcnt, lzcnt, tsc, tscinvbit, avx, avx2, aes, erms, clmul, bmi1, bmi2, adx, avx512f, avx512dq, avx512cd, avx512bw, avx512vl, sha, fma, vzeroupper, avx512_vpopcntdq, avx512_vpclmulqdq, avx512_vaes, avx512_vnni, clflush, clflushopt, avx512_vbmi2, avx512_vbmi, rdtscp, rdpid, fsrm, gfni, avx512_bitalg, f16c, pku, avx512_ifma
Processor Information for the first 4 processors :
  Max Mhz: 1190, Current Mhz: 1190, Mhz Limit: 1190

Memory: 4k page, system-wide physical 3862M (251M free)
TotalPageFile size 15638M (AvailPageFile size 0M)
current process WorkingSet (physical memory assigned to process): 52M, peak: 52M
current process commit charge ("private bytes"): 140M, peak: 140M

vm_info: OpenJDK 64-Bit Server VM (23.0.1+11) for windows-amd64 JRE (23.0.1+11), built on 2024-10-15T00:00:00Z with MS VC++ 17.7 (VS2022)

END.
